2026-03-16T00:20:51.576+05:30  INFO 10084 --- [eCommerce] [http-nio-8080-exec-2] c.i.eCommerce.service.OrderService       : Checkout initiated for userId=3
2026-03-16T00:20:51.665+05:30  INFO 10084 --- [eCommerce] [http-nio-8080-exec-2] c.i.eCommerce.service.OrderService       : Order created successfully. orderId=2, userId=3
2026-03-16T00:20:51.666+05:30 DEBUG 10084 --- [eCommerce] [http-nio-8080-exec-2] c.i.eCommerce.service.OrderService       : Cart cleared after successful checkout. userId=3
2026-03-16T00:20:51.667+05:30  INFO 10084 --- [eCommerce] [http-nio-8080-exec-2] c.i.eCommerce.service.OrderService       : Payment successful. userId=3
2026-03-16T00:22:22.577+05:30 ERROR 10084 --- [eCommerce] [http-nio-8080-exec-6] o.a.c.c.C.[.[.[/].[dispatcherServlet]    : Servlet.service() for servlet [dispatcherServlet] in context with path [] threw exception

io.jsonwebtoken.ExpiredJwtException: JWT expired at 2026-03-15T18:51:12Z. Current time: 2026-03-15T18:52:22Z, a difference of 70577 milliseconds.  Allowed clock skew: 0 milliseconds.
	at io.jsonwebtoken.impl.DefaultJwtParser.parse(DefaultJwtParser.java:427) ~[jjwt-impl-0.11.5.jar:0.11.5]
	at io.jsonwebtoken.impl.DefaultJwtParser.parse(DefaultJwtParser.java:529) ~[jjwt-impl-0.11.5.jar:0.11.5]
	at io.jsonwebtoken.impl.DefaultJwtParser.parseClaimsJws(DefaultJwtParser.java:589) ~[jjwt-impl-0.11.5.jar:0.11.5]
	at io.jsonwebtoken.impl.ImmutableJwtParser.parseClaimsJws(ImmutableJwtParser.java:173) ~[jjwt-impl-0.11.5.jar:0.11.5]
	at com.incture.eCommerce.util.JwtUtil.extractAllClaims(JwtUtil.java:48) ~[classes/:na]
	at com.incture.eCommerce.util.JwtUtil.extractUsername(JwtUtil.java:42) ~[classes/:na]
	at com.incture.eCommerce.filter.JwtFilter.doFilterInternal(JwtFilter.java:40) ~[classes/:na]
	at org.springframework.web.filter.OncePerRequestFilter.doFilter(OncePerRequestFilter.java:116) ~[spring-web-7.0.5.jar:7.0.5]
	at org.springframework.security.web.FilterChainProxy$VirtualFilterChain.doFilter(FilterChainProxy.java:380) ~[spring-security-web-7.0.3.jar:7.0.3]
	at org.springframework.security.web.authentication.logout.LogoutFilter.doFilter(LogoutFilter.java:110) ~[spring-security-web-7.0.3.jar:7.0.3]
	at org.springframework.security.web.authentication.logout.LogoutFilter.doFilter(LogoutFilter.java:96) ~[spring-security-web-7.0.3.jar:7.0.3]
	at org.springframework.security.web.FilterChainProxy$VirtualFilterChain.doFilter(FilterChainProxy.java:380) ~[spring-security-web-7.0.3.jar:7.0.3]
	at org.springframework.security.web.header.HeaderWriterFilter.doHeadersAfter(HeaderWriterFilter.java:90) ~[spring-security-web-7.0.3.jar:7.0.3]
	at org.springframework.security.web.header.HeaderWriterFilter.doFilterInternal(HeaderWriterFilter.java:75) ~[spring-security-web-7.0.3.jar:7.0.3]
	at org.springframework.web.filter.OncePerRequestFilter.doFilter(OncePerRequestFilter.java:116) ~[spring-web-7.0.5.jar:7.0.5]
	at org.springframework.security.web.FilterChainProxy$VirtualFilterChain.doFilter(FilterChainProxy.java:380) ~[spring-security-web-7.0.3.jar:7.0.3]
	at org.springframework.security.web.context.SecurityContextHolderFilter.doFilter(SecurityContextHolderFilter.java:82) ~[spring-security-web-7.0.3.jar:7.0.3]
	at org.springframework.security.web.context.SecurityContextHolderFilter.doFilter(SecurityContextHolderFilter.java:69) ~[spring-security-web-7.0.3.jar:7.0.3]
	at org.springframework.security.web.FilterChainProxy$VirtualFilterChain.doFilter(FilterChainProxy.java:380) ~[spring-security-web-7.0.3.jar:7.0.3]
	at org.springframework.security.web.context.request.async.WebAsyncManagerIntegrationFilter.doFilterInternal(WebAsyncManagerIntegrationFilter.java:62) ~[spring-security-web-7.0.3.jar:7.0.3]
	at org.springframework.web.filter.OncePerRequestFilter.doFilter(OncePerRequestFilter.java:116) ~[spring-web-7.0.5.jar:7.0.5]
	at org.springframework.security.web.FilterChainProxy$VirtualFilterChain.doFilter(FilterChainProxy.java:380) ~[spring-security-web-7.0.3.jar:7.0.3]
	at org.springframework.security.web.session.DisableEncodeUrlFilter.doFilterInternal(DisableEncodeUrlFilter.java:42) ~[spring-security-web-7.0.3.jar:7.0.3]
	at org.springframework.web.filter.OncePerRequestFilter.doFilter(OncePerRequestFilter.java:116) ~[spring-web-7.0.5.jar:7.0.5]
	at org.springframework.security.web.FilterChainProxy$VirtualFilterChain.doFilter(FilterChainProxy.java:380) ~[spring-security-web-7.0.3.jar:7.0.3]
	at org.springframework.security.web.FilterChainProxy.doFilterInternal(FilterChainProxy.java:237) ~[spring-security-web-7.0.3.jar:7.0.3]
	at org.springframework.security.web.FilterChainProxy.doFilter(FilterChainProxy.java:195) ~[spring-security-web-7.0.3.jar:7.0.3]
	at org.springframework.web.filter.CompositeFilter$VirtualFilterChain.doFilter(CompositeFilter.java:113) ~[spring-web-7.0.5.jar:7.0.5]
	at org.springframework.web.filter.ServletRequestPathFilter.doFilter(ServletRequestPathFilter.java:52) ~[spring-web-7.0.5.jar:7.0.5]
	at org.springframework.web.filter.CompositeFilter$VirtualFilterChain.doFilter(CompositeFilter.java:113) ~[spring-web-7.0.5.jar:7.0.5]
	at org.springframework.web.filter.CompositeFilter.doFilter(CompositeFilter.java:74) ~[spring-web-7.0.5.jar:7.0.5]
	at org.springframework.security.config.annotation.web.configuration.WebSecurityConfiguration$CompositeFilterChainProxy.doFilter(WebSecurityConfiguration.java:317) ~[spring-security-config-7.0.3.jar:7.0.3]
	at org.springframework.web.filter.DelegatingFilterProxy.invokeDelegate(DelegatingFilterProxy.java:355) ~[spring-web-7.0.5.jar:7.0.5]
	at org.springframework.web.filter.DelegatingFilterProxy.doFilter(DelegatingFilterProxy.java:272) ~[spring-web-7.0.5.jar:7.0.5]
	at org.apache.catalina.core.ApplicationFilterChain.doFilter(ApplicationFilterChain.java:107) ~[tomcat-embed-core-11.0.18.jar:11.0.18]
	at org.springframework.web.filter.RequestContextFilter.doFilterInternal(RequestContextFilter.java:100) ~[spring-web-7.0.5.jar:7.0.5]
	at org.springframework.web.filter.OncePerRequestFilter.doFilter(OncePerRequestFilter.java:116) ~[spring-web-7.0.5.jar:7.0.5]
	at org.apache.catalina.core.ApplicationFilterChain.doFilter(ApplicationFilterChain.java:107) ~[tomcat-embed-core-11.0.18.jar:11.0.18]
	at org.springframework.web.filter.FormContentFilter.doFilterInternal(FormContentFilter.java:93) ~[spring-web-7.0.5.jar:7.0.5]
	at org.springframework.web.filter.OncePerRequestFilter.doFilter(OncePerRequestFilter.java:116) ~[spring-web-7.0.5.jar:7.0.5]
	at org.apache.catalina.core.ApplicationFilterChain.doFilter(ApplicationFilterChain.java:107) ~[tomcat-embed-core-11.0.18.jar:11.0.18]
	at org.springframework.web.filter.CharacterEncodingFilter.doFilterInternal(CharacterEncodingFilter.java:199) ~[spring-web-7.0.5.jar:7.0.5]
	at org.springframework.web.filter.OncePerRequestFilter.doFilter(OncePerRequestFilter.java:116) ~[spring-web-7.0.5.jar:7.0.5]
	at org.apache.catalina.core.ApplicationFilterChain.doFilter(ApplicationFilterChain.java:107) ~[tomcat-embed-core-11.0.18.jar:11.0.18]
	at org.apache.catalina.core.StandardWrapperValve.invoke(StandardWrapperValve.java:165) ~[tomcat-embed-core-11.0.18.jar:11.0.18]
	at org.apache.catalina.core.StandardContextValve.invoke(StandardContextValve.java:77) ~[tomcat-embed-core-11.0.18.jar:11.0.18]
	at org.apache.catalina.authenticator.AuthenticatorBase.invoke(AuthenticatorBase.java:492) ~[tomcat-embed-core-11.0.18.jar:11.0.18]
	at org.apache.catalina.core.StandardHostValve.invoke(StandardHostValve.java:113) ~[tomcat-embed-core-11.0.18.jar:11.0.18]
	at org.apache.catalina.valves.ErrorReportValve.invoke(ErrorReportValve.java:83) ~[tomcat-embed-core-11.0.18.jar:11.0.18]
	at org.apache.catalina.core.StandardEngineValve.invoke(StandardEngineValve.java:72) ~[tomcat-embed-core-11.0.18.jar:11.0.18]
	at org.apache.catalina.connector.CoyoteAdapter.service(CoyoteAdapter.java:341) ~[tomcat-embed-core-11.0.18.jar:11.0.18]
	at org.apache.coyote.http11.Http11Processor.service(Http11Processor.java:397) ~[tomcat-embed-core-11.0.18.jar:11.0.18]
	at org.apache.coyote.AbstractProcessorLight.process(AbstractProcessorLight.java:63) ~[tomcat-embed-core-11.0.18.jar:11.0.18]
	at org.apache.coyote.AbstractProtocol$ConnectionHandler.process(AbstractProtocol.java:903) ~[tomcat-embed-core-11.0.18.jar:11.0.18]
	at org.apache.tomcat.util.net.NioEndpoint$SocketProcessor.doRun(NioEndpoint.java:1779) ~[tomcat-embed-core-11.0.18.jar:11.0.18]
	at org.apache.tomcat.util.net.SocketProcessorBase.run(SocketProcessorBase.java:52) ~[tomcat-embed-core-11.0.18.jar:11.0.18]
	at org.apache.tomcat.util.threads.ThreadPoolExecutor.runWorker(ThreadPoolExecutor.java:946) ~[tomcat-embed-core-11.0.18.jar:11.0.18]
	at org.apache.tomcat.util.threads.ThreadPoolExecutor$Worker.run(ThreadPoolExecutor.java:480) ~[tomcat-embed-core-11.0.18.jar:11.0.18]
	at org.apache.tomcat.util.threads.TaskThread$WrappingRunnable.run(TaskThread.java:57) ~[tomcat-embed-core-11.0.18.jar:11.0.18]
	at java.base/java.lang.Thread.run(Thread.java:1583) ~[na:na]

2026-03-16T00:22:42.316+05:30  INFO 10084 --- [eCommerce] [http-nio-8080-exec-7] c.incture.eCommerce.service.UserService  : Login attempt for email: customer@gmail.com
2026-03-16T00:22:42.388+05:30  INFO 10084 --- [eCommerce] [http-nio-8080-exec-7] c.incture.eCommerce.service.UserService  : Authentication successful for email: customer@gmail.com
2026-03-16T00:23:25.420+05:30  INFO 10084 --- [eCommerce] [http-nio-8080-exec-8] c.incture.eCommerce.service.CartService  : Fetching cart for userId=3
2026-03-16T00:23:25.421+05:30  INFO 10084 --- [eCommerce] [http-nio-8080-exec-8] c.incture.eCommerce.service.CartService  : Fetching cart for userId=3
2026-03-16T00:23:39.795+05:30  INFO 10084 --- [eCommerce] [http-nio-8080-exec-9] c.incture.eCommerce.service.UserService  : Login attempt for email: brahma@gmail.com
2026-03-16T00:23:39.862+05:30  INFO 10084 --- [eCommerce] [http-nio-8080-exec-9] c.incture.eCommerce.service.UserService  : Authentication successful for email: brahma@gmail.com
2026-03-16T00:23:47.316+05:30  INFO 10084 --- [eCommerce] [http-nio-8080-exec-10] c.incture.eCommerce.service.CartService  : Fetching cart for userId=1
2026-03-16T00:23:47.316+05:30  INFO 10084 --- [eCommerce] [http-nio-8080-exec-10] c.incture.eCommerce.service.CartService  : Fetching cart for userId=1
2026-03-16T00:24:01.199+05:30 ERROR 10084 --- [eCommerce] [http-nio-8080-exec-1] o.a.c.c.C.[.[.[/].[dispatcherServlet]    : Servlet.service() for servlet [dispatcherServlet] in context with path [] threw exception

io.jsonwebtoken.ExpiredJwtException: JWT expired at 2026-03-15T18:51:12Z. Current time: 2026-03-15T18:54:01Z, a difference of 169199 milliseconds.  Allowed clock skew: 0 milliseconds.
	at io.jsonwebtoken.impl.DefaultJwtParser.parse(DefaultJwtParser.java:427) ~[jjwt-impl-0.11.5.jar:0.11.5]
	at io.jsonwebtoken.impl.DefaultJwtParser.parse(DefaultJwtParser.java:529) ~[jjwt-impl-0.11.5.jar:0.11.5]
	at io.jsonwebtoken.impl.DefaultJwtParser.parseClaimsJws(DefaultJwtParser.java:589) ~[jjwt-impl-0.11.5.jar:0.11.5]
	at io.jsonwebtoken.impl.ImmutableJwtParser.parseClaimsJws(ImmutableJwtParser.java:173) ~[jjwt-impl-0.11.5.jar:0.11.5]
	at com.incture.eCommerce.util.JwtUtil.extractAllClaims(JwtUtil.java:48) ~[classes/:na]
	at com.incture.eCommerce.util.JwtUtil.extractUsername(JwtUtil.java:42) ~[classes/:na]
	at com.incture.eCommerce.filter.JwtFilter.doFilterInternal(JwtFilter.java:40) ~[classes/:na]
	at org.springframework.web.filter.OncePerRequestFilter.doFilter(OncePerRequestFilter.java:116) ~[spring-web-7.0.5.jar:7.0.5]
	at org.springframework.security.web.FilterChainProxy$VirtualFilterChain.doFilter(FilterChainProxy.java:380) ~[spring-security-web-7.0.3.jar:7.0.3]
	at org.springframework.security.web.authentication.logout.LogoutFilter.doFilter(LogoutFilter.java:110) ~[spring-security-web-7.0.3.jar:7.0.3]
	at org.springframework.security.web.authentication.logout.LogoutFilter.doFilter(LogoutFilter.java:96) ~[spring-security-web-7.0.3.jar:7.0.3]
	at org.springframework.security.web.FilterChainProxy$VirtualFilterChain.doFilter(FilterChainProxy.java:380) ~[spring-security-web-7.0.3.jar:7.0.3]
	at org.springframework.security.web.header.HeaderWriterFilter.doHeadersAfter(HeaderWriterFilter.java:90) ~[spring-security-web-7.0.3.jar:7.0.3]
	at org.springframework.security.web.header.HeaderWriterFilter.doFilterInternal(HeaderWriterFilter.java:75) ~[spring-security-web-7.0.3.jar:7.0.3]
	at org.springframework.web.filter.OncePerRequestFilter.doFilter(OncePerRequestFilter.java:116) ~[spring-web-7.0.5.jar:7.0.5]
	at org.springframework.security.web.FilterChainProxy$VirtualFilterChain.doFilter(FilterChainProxy.java:380) ~[spring-security-web-7.0.3.jar:7.0.3]
	at org.springframework.security.web.context.SecurityContextHolderFilter.doFilter(SecurityContextHolderFilter.java:82) ~[spring-security-web-7.0.3.jar:7.0.3]
	at org.springframework.security.web.context.SecurityContextHolderFilter.doFilter(SecurityContextHolderFilter.java:69) ~[spring-security-web-7.0.3.jar:7.0.3]
	at org.springframework.security.web.FilterChainProxy$VirtualFilterChain.doFilter(FilterChainProxy.java:380) ~[spring-security-web-7.0.3.jar:7.0.3]
	at org.springframework.security.web.context.request.async.WebAsyncManagerIntegrationFilter.doFilterInternal(WebAsyncManagerIntegrationFilter.java:62) ~[spring-security-web-7.0.3.jar:7.0.3]
	at org.springframework.web.filter.OncePerRequestFilter.doFilter(OncePerRequestFilter.java:116) ~[spring-web-7.0.5.jar:7.0.5]
	at org.springframework.security.web.FilterChainProxy$VirtualFilterChain.doFilter(FilterChainProxy.java:380) ~[spring-security-web-7.0.3.jar:7.0.3]
	at org.springframework.security.web.session.DisableEncodeUrlFilter.doFilterInternal(DisableEncodeUrlFilter.java:42) ~[spring-security-web-7.0.3.jar:7.0.3]
	at org.springframework.web.filter.OncePerRequestFilter.doFilter(OncePerRequestFilter.java:116) ~[spring-web-7.0.5.jar:7.0.5]
	at org.springframework.security.web.FilterChainProxy$VirtualFilterChain.doFilter(FilterChainProxy.java:380) ~[spring-security-web-7.0.3.jar:7.0.3]
	at org.springframework.security.web.FilterChainProxy.doFilterInternal(FilterChainProxy.java:237) ~[spring-security-web-7.0.3.jar:7.0.3]
	at org.springframework.security.web.FilterChainProxy.doFilter(FilterChainProxy.java:195) ~[spring-security-web-7.0.3.jar:7.0.3]
	at org.springframework.web.filter.CompositeFilter$VirtualFilterChain.doFilter(CompositeFilter.java:113) ~[spring-web-7.0.5.jar:7.0.5]
	at org.springframework.web.filter.ServletRequestPathFilter.doFilter(ServletRequestPathFilter.java:52) ~[spring-web-7.0.5.jar:7.0.5]
	at org.springframework.web.filter.CompositeFilter$VirtualFilterChain.doFilter(CompositeFilter.java:113) ~[spring-web-7.0.5.jar:7.0.5]
	at org.springframework.web.filter.CompositeFilter.doFilter(CompositeFilter.java:74) ~[spring-web-7.0.5.jar:7.0.5]
	at org.springframework.security.config.annotation.web.configuration.WebSecurityConfiguration$CompositeFilterChainProxy.doFilter(WebSecurityConfiguration.java:317) ~[spring-security-config-7.0.3.jar:7.0.3]
	at org.springframework.web.filter.DelegatingFilterProxy.invokeDelegate(DelegatingFilterProxy.java:355) ~[spring-web-7.0.5.jar:7.0.5]
	at org.springframework.web.filter.DelegatingFilterProxy.doFilter(DelegatingFilterProxy.java:272) ~[spring-web-7.0.5.jar:7.0.5]
	at org.apache.catalina.core.ApplicationFilterChain.doFilter(ApplicationFilterChain.java:107) ~[tomcat-embed-core-11.0.18.jar:11.0.18]
	at org.springframework.web.filter.RequestContextFilter.doFilterInternal(RequestContextFilter.java:100) ~[spring-web-7.0.5.jar:7.0.5]
	at org.springframework.web.filter.OncePerRequestFilter.doFilter(OncePerRequestFilter.java:116) ~[spring-web-7.0.5.jar:7.0.5]
	at org.apache.catalina.core.ApplicationFilterChain.doFilter(ApplicationFilterChain.java:107) ~[tomcat-embed-core-11.0.18.jar:11.0.18]
	at org.springframework.web.filter.FormContentFilter.doFilterInternal(FormContentFilter.java:93) ~[spring-web-7.0.5.jar:7.0.5]
	at org.springframework.web.filter.OncePerRequestFilter.doFilter(OncePerRequestFilter.java:116) ~[spring-web-7.0.5.jar:7.0.5]
	at org.apache.catalina.core.ApplicationFilterChain.doFilter(ApplicationFilterChain.java:107) ~[tomcat-embed-core-11.0.18.jar:11.0.18]
	at org.springframework.web.filter.CharacterEncodingFilter.doFilterInternal(CharacterEncodingFilter.java:199) ~[spring-web-7.0.5.jar:7.0.5]
	at org.springframework.web.filter.OncePerRequestFilter.doFilter(OncePerRequestFilter.java:116) ~[spring-web-7.0.5.jar:7.0.5]
	at org.apache.catalina.core.ApplicationFilterChain.doFilter(ApplicationFilterChain.java:107) ~[tomcat-embed-core-11.0.18.jar:11.0.18]
	at org.apache.catalina.core.StandardWrapperValve.invoke(StandardWrapperValve.java:165) ~[tomcat-embed-core-11.0.18.jar:11.0.18]
	at org.apache.catalina.core.StandardContextValve.invoke(StandardContextValve.java:77) ~[tomcat-embed-core-11.0.18.jar:11.0.18]
	at org.apache.catalina.authenticator.AuthenticatorBase.invoke(AuthenticatorBase.java:492) ~[tomcat-embed-core-11.0.18.jar:11.0.18]
	at org.apache.catalina.core.StandardHostValve.invoke(StandardHostValve.java:113) ~[tomcat-embed-core-11.0.18.jar:11.0.18]
	at org.apache.catalina.valves.ErrorReportValve.invoke(ErrorReportValve.java:83) ~[tomcat-embed-core-11.0.18.jar:11.0.18]
	at org.apache.catalina.core.StandardEngineValve.invoke(StandardEngineValve.java:72) ~[tomcat-embed-core-11.0.18.jar:11.0.18]
	at org.apache.catalina.connector.CoyoteAdapter.service(CoyoteAdapter.java:341) ~[tomcat-embed-core-11.0.18.jar:11.0.18]
	at org.apache.coyote.http11.Http11Processor.service(Http11Processor.java:397) ~[tomcat-embed-core-11.0.18.jar:11.0.18]
	at org.apache.coyote.AbstractProcessorLight.process(AbstractProcessorLight.java:63) ~[tomcat-embed-core-11.0.18.jar:11.0.18]
	at org.apache.coyote.AbstractProtocol$ConnectionHandler.process(AbstractProtocol.java:903) ~[tomcat-embed-core-11.0.18.jar:11.0.18]
	at org.apache.tomcat.util.net.NioEndpoint$SocketProcessor.doRun(NioEndpoint.java:1779) ~[tomcat-embed-core-11.0.18.jar:11.0.18]
	at org.apache.tomcat.util.net.SocketProcessorBase.run(SocketProcessorBase.java:52) ~[tomcat-embed-core-11.0.18.jar:11.0.18]
	at org.apache.tomcat.util.threads.ThreadPoolExecutor.runWorker(ThreadPoolExecutor.java:946) ~[tomcat-embed-core-11.0.18.jar:11.0.18]
	at org.apache.tomcat.util.threads.ThreadPoolExecutor$Worker.run(ThreadPoolExecutor.java:480) ~[tomcat-embed-core-11.0.18.jar:11.0.18]
	at org.apache.tomcat.util.threads.TaskThread$WrappingRunnable.run(TaskThread.java:57) ~[tomcat-embed-core-11.0.18.jar:11.0.18]
	at java.base/java.lang.Thread.run(Thread.java:1583) ~[na:na]

2026-03-16T00:25:44.898+05:30  INFO 10084 --- [eCommerce] [http-nio-8080-exec-4] c.incture.eCommerce.service.UserService  : Login attempt for email: customer@gmail.com
2026-03-16T00:25:44.960+05:30  INFO 10084 --- [eCommerce] [http-nio-8080-exec-4] c.incture.eCommerce.service.UserService  : Authentication successful for email: customer@gmail.com
2026-03-16T00:26:11.950+05:30  INFO 10084 --- [eCommerce] [http-nio-8080-exec-5] c.i.eCommerce.service.OrderService       : Fetching orders for userId=3
2026-03-16T00:27:08.064+05:30 ERROR 10084 --- [eCommerce] [http-nio-8080-exec-6] o.a.c.c.C.[.[.[/].[dispatcherServlet]    : Servlet.service() for servlet [dispatcherServlet] in context with path [] threw exception

io.jsonwebtoken.ExpiredJwtException: JWT expired at 2026-03-15T15:17:31Z. Current time: 2026-03-15T18:57:08Z, a difference of 13177064 milliseconds.  Allowed clock skew: 0 milliseconds.
	at io.jsonwebtoken.impl.DefaultJwtParser.parse(DefaultJwtParser.java:427) ~[jjwt-impl-0.11.5.jar:0.11.5]
	at io.jsonwebtoken.impl.DefaultJwtParser.parse(DefaultJwtParser.java:529) ~[jjwt-impl-0.11.5.jar:0.11.5]
	at io.jsonwebtoken.impl.DefaultJwtParser.parseClaimsJws(DefaultJwtParser.java:589) ~[jjwt-impl-0.11.5.jar:0.11.5]
	at io.jsonwebtoken.impl.ImmutableJwtParser.parseClaimsJws(ImmutableJwtParser.java:173) ~[jjwt-impl-0.11.5.jar:0.11.5]
	at com.incture.eCommerce.util.JwtUtil.extractAllClaims(JwtUtil.java:48) ~[classes/:na]
	at com.incture.eCommerce.util.JwtUtil.extractUsername(JwtUtil.java:42) ~[classes/:na]
	at com.incture.eCommerce.filter.JwtFilter.doFilterInternal(JwtFilter.java:40) ~[classes/:na]
	at org.springframework.web.filter.OncePerRequestFilter.doFilter(OncePerRequestFilter.java:116) ~[spring-web-7.0.5.jar:7.0.5]
	at org.springframework.security.web.FilterChainProxy$VirtualFilterChain.doFilter(FilterChainProxy.java:380) ~[spring-security-web-7.0.3.jar:7.0.3]
	at org.springframework.security.web.authentication.logout.LogoutFilter.doFilter(LogoutFilter.java:110) ~[spring-security-web-7.0.3.jar:7.0.3]
	at org.springframework.security.web.authentication.logout.LogoutFilter.doFilter(LogoutFilter.java:96) ~[spring-security-web-7.0.3.jar:7.0.3]
	at org.springframework.security.web.FilterChainProxy$VirtualFilterChain.doFilter(FilterChainProxy.java:380) ~[spring-security-web-7.0.3.jar:7.0.3]
	at org.springframework.security.web.header.HeaderWriterFilter.doHeadersAfter(HeaderWriterFilter.java:90) ~[spring-security-web-7.0.3.jar:7.0.3]
	at org.springframework.security.web.header.HeaderWriterFilter.doFilterInternal(HeaderWriterFilter.java:75) ~[spring-security-web-7.0.3.jar:7.0.3]
	at org.springframework.web.filter.OncePerRequestFilter.doFilter(OncePerRequestFilter.java:116) ~[spring-web-7.0.5.jar:7.0.5]
	at org.springframework.security.web.FilterChainProxy$VirtualFilterChain.doFilter(FilterChainProxy.java:380) ~[spring-security-web-7.0.3.jar:7.0.3]
	at org.springframework.security.web.context.SecurityContextHolderFilter.doFilter(SecurityContextHolderFilter.java:82) ~[spring-security-web-7.0.3.jar:7.0.3]
	at org.springframework.security.web.context.SecurityContextHolderFilter.doFilter(SecurityContextHolderFilter.java:69) ~[spring-security-web-7.0.3.jar:7.0.3]
	at org.springframework.security.web.FilterChainProxy$VirtualFilterChain.doFilter(FilterChainProxy.java:380) ~[spring-security-web-7.0.3.jar:7.0.3]
	at org.springframework.security.web.context.request.async.WebAsyncManagerIntegrationFilter.doFilterInternal(WebAsyncManagerIntegrationFilter.java:62) ~[spring-security-web-7.0.3.jar:7.0.3]
	at org.springframework.web.filter.OncePerRequestFilter.doFilter(OncePerRequestFilter.java:116) ~[spring-web-7.0.5.jar:7.0.5]
	at org.springframework.security.web.FilterChainProxy$VirtualFilterChain.doFilter(FilterChainProxy.java:380) ~[spring-security-web-7.0.3.jar:7.0.3]
	at org.springframework.security.web.session.DisableEncodeUrlFilter.doFilterInternal(DisableEncodeUrlFilter.java:42) ~[spring-security-web-7.0.3.jar:7.0.3]
	at org.springframework.web.filter.OncePerRequestFilter.doFilter(OncePerRequestFilter.java:116) ~[spring-web-7.0.5.jar:7.0.5]
	at org.springframework.security.web.FilterChainProxy$VirtualFilterChain.doFilter(FilterChainProxy.java:380) ~[spring-security-web-7.0.3.jar:7.0.3]
	at org.springframework.security.web.FilterChainProxy.doFilterInternal(FilterChainProxy.java:237) ~[spring-security-web-7.0.3.jar:7.0.3]
	at org.springframework.security.web.FilterChainProxy.doFilter(FilterChainProxy.java:195) ~[spring-security-web-7.0.3.jar:7.0.3]
	at org.springframework.web.filter.CompositeFilter$VirtualFilterChain.doFilter(CompositeFilter.java:113) ~[spring-web-7.0.5.jar:7.0.5]
	at org.springframework.web.filter.ServletRequestPathFilter.doFilter(ServletRequestPathFilter.java:52) ~[spring-web-7.0.5.jar:7.0.5]
	at org.springframework.web.filter.CompositeFilter$VirtualFilterChain.doFilter(CompositeFilter.java:113) ~[spring-web-7.0.5.jar:7.0.5]
	at org.springframework.web.filter.CompositeFilter.doFilter(CompositeFilter.java:74) ~[spring-web-7.0.5.jar:7.0.5]
	at org.springframework.security.config.annotation.web.configuration.WebSecurityConfiguration$CompositeFilterChainProxy.doFilter(WebSecurityConfiguration.java:317) ~[spring-security-config-7.0.3.jar:7.0.3]
	at org.springframework.web.filter.DelegatingFilterProxy.invokeDelegate(DelegatingFilterProxy.java:355) ~[spring-web-7.0.5.jar:7.0.5]
	at org.springframework.web.filter.DelegatingFilterProxy.doFilter(DelegatingFilterProxy.java:272) ~[spring-web-7.0.5.jar:7.0.5]
	at org.apache.catalina.core.ApplicationFilterChain.doFilter(ApplicationFilterChain.java:107) ~[tomcat-embed-core-11.0.18.jar:11.0.18]
	at org.springframework.web.filter.RequestContextFilter.doFilterInternal(RequestContextFilter.java:100) ~[spring-web-7.0.5.jar:7.0.5]
	at org.springframework.web.filter.OncePerRequestFilter.doFilter(OncePerRequestFilter.java:116) ~[spring-web-7.0.5.jar:7.0.5]
	at org.apache.catalina.core.ApplicationFilterChain.doFilter(ApplicationFilterChain.java:107) ~[tomcat-embed-core-11.0.18.jar:11.0.18]
	at org.springframework.web.filter.FormContentFilter.doFilterInternal(FormContentFilter.java:93) ~[spring-web-7.0.5.jar:7.0.5]
	at org.springframework.web.filter.OncePerRequestFilter.doFilter(OncePerRequestFilter.java:116) ~[spring-web-7.0.5.jar:7.0.5]
	at org.apache.catalina.core.ApplicationFilterChain.doFilter(ApplicationFilterChain.java:107) ~[tomcat-embed-core-11.0.18.jar:11.0.18]
	at org.springframework.web.filter.CharacterEncodingFilter.doFilterInternal(CharacterEncodingFilter.java:199) ~[spring-web-7.0.5.jar:7.0.5]
	at org.springframework.web.filter.OncePerRequestFilter.doFilter(OncePerRequestFilter.java:116) ~[spring-web-7.0.5.jar:7.0.5]
	at org.apache.catalina.core.ApplicationFilterChain.doFilter(ApplicationFilterChain.java:107) ~[tomcat-embed-core-11.0.18.jar:11.0.18]
	at org.apache.catalina.core.StandardWrapperValve.invoke(StandardWrapperValve.java:165) ~[tomcat-embed-core-11.0.18.jar:11.0.18]
	at org.apache.catalina.core.StandardContextValve.invoke(StandardContextValve.java:77) ~[tomcat-embed-core-11.0.18.jar:11.0.18]
	at org.apache.catalina.authenticator.AuthenticatorBase.invoke(AuthenticatorBase.java:492) ~[tomcat-embed-core-11.0.18.jar:11.0.18]
	at org.apache.catalina.core.StandardHostValve.invoke(StandardHostValve.java:113) ~[tomcat-embed-core-11.0.18.jar:11.0.18]
	at org.apache.catalina.valves.ErrorReportValve.invoke(ErrorReportValve.java:83) ~[tomcat-embed-core-11.0.18.jar:11.0.18]
	at org.apache.catalina.core.StandardEngineValve.invoke(StandardEngineValve.java:72) ~[tomcat-embed-core-11.0.18.jar:11.0.18]
	at org.apache.catalina.connector.CoyoteAdapter.service(CoyoteAdapter.java:341) ~[tomcat-embed-core-11.0.18.jar:11.0.18]
	at org.apache.coyote.http11.Http11Processor.service(Http11Processor.java:397) ~[tomcat-embed-core-11.0.18.jar:11.0.18]
	at org.apache.coyote.AbstractProcessorLight.process(AbstractProcessorLight.java:63) ~[tomcat-embed-core-11.0.18.jar:11.0.18]
	at org.apache.coyote.AbstractProtocol$ConnectionHandler.process(AbstractProtocol.java:903) ~[tomcat-embed-core-11.0.18.jar:11.0.18]
	at org.apache.tomcat.util.net.NioEndpoint$SocketProcessor.doRun(NioEndpoint.java:1779) ~[tomcat-embed-core-11.0.18.jar:11.0.18]
	at org.apache.tomcat.util.net.SocketProcessorBase.run(SocketProcessorBase.java:52) ~[tomcat-embed-core-11.0.18.jar:11.0.18]
	at org.apache.tomcat.util.threads.ThreadPoolExecutor.runWorker(ThreadPoolExecutor.java:946) ~[tomcat-embed-core-11.0.18.jar:11.0.18]
	at org.apache.tomcat.util.threads.ThreadPoolExecutor$Worker.run(ThreadPoolExecutor.java:480) ~[tomcat-embed-core-11.0.18.jar:11.0.18]
	at org.apache.tomcat.util.threads.TaskThread$WrappingRunnable.run(TaskThread.java:57) ~[tomcat-embed-core-11.0.18.jar:11.0.18]
	at java.base/java.lang.Thread.run(Thread.java:1583) ~[na:na]

2026-03-16T00:27:27.140+05:30  INFO 10084 --- [eCommerce] [http-nio-8080-exec-7] c.i.eCommerce.service.OrderService       : Fetching order by id=3
2026-03-16T00:27:27.145+05:30 ERROR 10084 --- [eCommerce] [http-nio-8080-exec-7] c.i.eCommerce.service.OrderService       : Order not found. orderId=3
2026-03-16T00:27:37.400+05:30  INFO 10084 --- [eCommerce] [http-nio-8080-exec-8] c.i.eCommerce.service.OrderService       : Fetching order by id=2
2026-03-16T00:28:23.108+05:30  INFO 10084 --- [eCommerce] [http-nio-8080-exec-9] c.incture.eCommerce.service.UserService  : Login attempt for email: admin@gmail.com
2026-03-16T00:28:23.175+05:30  INFO 10084 --- [eCommerce] [http-nio-8080-exec-9] c.incture.eCommerce.service.UserService  : Authentication successful for email: admin@gmail.com
2026-03-16T00:30:06.626+05:30  INFO 10084 --- [eCommerce] [http-nio-8080-exec-3] c.i.eCommerce.service.OrderService       : Updating order status. orderId=2, newStatus=SHIPPED
2026-03-16T00:30:06.630+05:30  INFO 10084 --- [eCommerce] [http-nio-8080-exec-3] c.i.eCommerce.service.OrderService       : Order status updated successfully. orderId=2, status=SHIPPED
2026-03-16T01:30:04.065+05:30  INFO 10084 --- [eCommerce] [SpringApplicationShutdownHook] o.s.boot.tomcat.GracefulShutdown         : Commencing graceful shutdown. Waiting for active requests to complete
2026-03-16T01:30:04.074+05:30  INFO 10084 --- [eCommerce] [tomcat-shutdown] o.s.boot.tomcat.GracefulShutdown         : Graceful shutdown complete
2026-03-16T01:30:04.081+05:30  INFO 10084 --- [eCommerce] [SpringApplicationShutdownHook] j.LocalContainerEntityManagerFactoryBean : Closing JPA EntityManagerFactory for persistence unit 'default'
2026-03-16T01:30:04.087+05:30  INFO 10084 --- [eCommerce] [SpringApplicationShutdownHook] com.zaxxer.hikari.HikariDataSource       : HikariPool-1 - Shutdown initiated...
2026-03-16T01:30:04.092+05:30  INFO 10084 --- [eCommerce] [SpringApplicationShutdownHook] com.zaxxer.hikari.HikariDataSource       : HikariPool-1 - Shutdown completed.
2026-03-16T19:11:07.142+05:30  INFO 4060 --- [eCommerce] [main] c.i.eCommerce.ECommerceApplication       : Starting ECommerceApplication using Java 21.0.8 with PID 4060 (C:\Users\mbrah\Downloads\eCommerce (1)\eCommerce\target\classes started by mbrah in C:\Users\mbrah\Downloads\eCommerce (1)\eCommerce)
2026-03-16T19:11:07.149+05:30 DEBUG 4060 --- [eCommerce] [main] c.i.eCommerce.ECommerceApplication       : Running with Spring Boot v4.0.3, Spring v7.0.5
2026-03-16T19:11:07.151+05:30  INFO 4060 --- [eCommerce] [main] c.i.eCommerce.ECommerceApplication       : No active profile set, falling back to 1 default profile: "default"
2026-03-16T19:11:08.759+05:30  INFO 4060 --- [eCommerce] [main] .s.d.r.c.RepositoryConfigurationDelegate : Bootstrapping Spring Data JPA repositories in DEFAULT mode.
2026-03-16T19:11:09.060+05:30  INFO 4060 --- [eCommerce] [main] .s.d.r.c.RepositoryConfigurationDelegate : Finished Spring Data repository scanning in 268 ms. Found 4 JPA repository interfaces.
2026-03-16T19:11:10.808+05:30  INFO 4060 --- [eCommerce] [main] o.s.boot.tomcat.TomcatWebServer          : Tomcat initialized with port 8080 (http)
2026-03-16T19:11:10.846+05:30  INFO 4060 --- [eCommerce] [main] o.apache.catalina.core.StandardService   : Starting service [Tomcat]
2026-03-16T19:11:10.847+05:30  INFO 4060 --- [eCommerce] [main] o.apache.catalina.core.StandardEngine    : Starting Servlet engine: [Apache Tomcat/11.0.18]
2026-03-16T19:11:11.006+05:30  INFO 4060 --- [eCommerce] [main] b.w.c.s.WebApplicationContextInitializer : Root WebApplicationContext: initialization completed in 3738 ms
2026-03-16T19:11:11.456+05:30  INFO 4060 --- [eCommerce] [main] org.hibernate.orm.jpa                    : HHH008540: Processing PersistenceUnitInfo [name: default]
2026-03-16T19:11:11.648+05:30  INFO 4060 --- [eCommerce] [main] org.hibernate.orm.core                   : HHH000001: Hibernate ORM core version 7.2.4.Final
2026-03-16T19:11:13.297+05:30  INFO 4060 --- [eCommerce] [main] o.s.o.j.p.SpringPersistenceUnitInfo      : No LoadTimeWeaver setup: ignoring JPA class transformer
2026-03-16T19:11:13.382+05:30  INFO 4060 --- [eCommerce] [main] com.zaxxer.hikari.HikariDataSource       : HikariPool-1 - Starting...
2026-03-16T19:11:14.704+05:30  INFO 4060 --- [eCommerce] [main] com.zaxxer.hikari.pool.HikariPool        : HikariPool-1 - Added connection com.mysql.cj.jdbc.ConnectionImpl@1280bae3
2026-03-16T19:11:14.708+05:30  INFO 4060 --- [eCommerce] [main] com.zaxxer.hikari.HikariDataSource       : HikariPool-1 - Start completed.
2026-03-16T19:11:14.966+05:30  WARN 4060 --- [eCommerce] [main] org.hibernate.orm.deprecation            : HHH90000025: MySQLDialect does not need to be specified explicitly using 'hibernate.dialect' (remove the property setting and it will be selected by default)
2026-03-16T19:11:15.049+05:30  INFO 4060 --- [eCommerce] [main] org.hibernate.orm.connections.pooling    : HHH10001005: Database info:
	Database JDBC URL [jdbc:mysql://localhost:3306/ecommerce_db?createDatabaseIfNotExist=true]
	Database driver: MySQL Connector/J
	Database dialect: MySQLDialect
	Database version: 8.0.45
	Default catalog/schema: ecommerce_db/undefined
	Autocommit mode: undefined/unknown
	Isolation level: REPEATABLE_READ [default REPEATABLE_READ]
	JDBC fetch size: none
	Pool: DataSourceConnectionProvider
	Minimum pool size: undefined/unknown
	Maximum pool size: undefined/unknown
2026-03-16T19:11:17.985+05:30  INFO 4060 --- [eCommerce] [main] org.hibernate.orm.core                   : HHH000489: No JTA platform available (set 'hibernate.transaction.jta.platform' to enable JTA platform integration)
2026-03-16T19:11:18.177+05:30  INFO 4060 --- [eCommerce] [main] j.LocalContainerEntityManagerFactoryBean : Initialized JPA EntityManagerFactory for persistence unit 'default'
2026-03-16T19:11:18.370+05:30  INFO 4060 --- [eCommerce] [main] o.s.d.j.r.query.QueryEnhancerFactories   : Hibernate is in classpath; If applicable, HQL parser will be used.
2026-03-16T19:11:18.916+05:30 DEBUG 4060 --- [eCommerce] [main] com.incture.eCommerce.filter.JwtFilter   : Filter 'jwtFilter' configured for use
2026-03-16T19:11:19.465+05:30  WARN 4060 --- [eCommerce] [main] JpaBaseConfiguration$JpaWebConfiguration : spring.jpa.open-in-view is enabled by default. Therefore, database queries may be performed during view rendering. Explicitly configure spring.jpa.open-in-view to disable this warning
2026-03-16T19:11:19.644+05:30  INFO 4060 --- [eCommerce] [main] r$InitializeUserDetailsManagerConfigurer : Global AuthenticationManager configured with UserDetailsService bean with name customUserDetailsService
2026-03-16T19:11:21.081+05:30  INFO 4060 --- [eCommerce] [main] o.s.boot.tomcat.TomcatWebServer          : Tomcat started on port 8080 (http) with context path '/'
2026-03-16T19:11:21.091+05:30  INFO 4060 --- [eCommerce] [main] c.i.eCommerce.ECommerceApplication       : Started ECommerceApplication in 14.855 seconds (process running for 15.731)
2026-03-16T19:13:45.334+05:30  INFO 4060 --- [eCommerce] [http-nio-8080-exec-3] o.a.c.c.C.[Tomcat].[localhost].[/]       : Initializing Spring DispatcherServlet 'dispatcherServlet'
2026-03-16T19:13:45.336+05:30  INFO 4060 --- [eCommerce] [http-nio-8080-exec-3] o.s.web.servlet.DispatcherServlet        : Initializing Servlet 'dispatcherServlet'
2026-03-16T19:13:45.342+05:30  INFO 4060 --- [eCommerce] [http-nio-8080-exec-3] o.s.web.servlet.DispatcherServlet        : Completed initialization in 5 ms
2026-03-16T19:13:45.886+05:30  INFO 4060 --- [eCommerce] [http-nio-8080-exec-3] c.incture.eCommerce.service.UserService  : Login attempt for email: brahma@gmail.com
2026-03-16T19:13:47.519+05:30  INFO 4060 --- [eCommerce] [http-nio-8080-exec-3] c.incture.eCommerce.service.UserService  : Authentication successful for email: brahma@gmail.com
2026-03-16T19:13:57.275+05:30 ERROR 4060 --- [eCommerce] [http-nio-8080-exec-2] o.a.c.c.C.[.[.[/].[dispatcherServlet]    : Servlet.service() for servlet [dispatcherServlet] in context with path [] threw exception

io.jsonwebtoken.ExpiredJwtException: JWT expired at 2026-03-15T18:51:12Z. Current time: 2026-03-16T13:43:57Z, a difference of 67965271 milliseconds.  Allowed clock skew: 0 milliseconds.
	at io.jsonwebtoken.impl.DefaultJwtParser.parse(DefaultJwtParser.java:427) ~[jjwt-impl-0.11.5.jar:0.11.5]
	at io.jsonwebtoken.impl.DefaultJwtParser.parse(DefaultJwtParser.java:529) ~[jjwt-impl-0.11.5.jar:0.11.5]
	at io.jsonwebtoken.impl.DefaultJwtParser.parseClaimsJws(DefaultJwtParser.java:589) ~[jjwt-impl-0.11.5.jar:0.11.5]
	at io.jsonwebtoken.impl.ImmutableJwtParser.parseClaimsJws(ImmutableJwtParser.java:173) ~[jjwt-impl-0.11.5.jar:0.11.5]
	at com.incture.eCommerce.util.JwtUtil.extractAllClaims(JwtUtil.java:48) ~[classes/:na]
	at com.incture.eCommerce.util.JwtUtil.extractUsername(JwtUtil.java:42) ~[classes/:na]
	at com.incture.eCommerce.filter.JwtFilter.doFilterInternal(JwtFilter.java:40) ~[classes/:na]
	at org.springframework.web.filter.OncePerRequestFilter.doFilter(OncePerRequestFilter.java:116) ~[spring-web-7.0.5.jar:7.0.5]
	at org.springframework.security.web.FilterChainProxy$VirtualFilterChain.doFilter(FilterChainProxy.java:380) ~[spring-security-web-7.0.3.jar:7.0.3]
	at org.springframework.security.web.authentication.logout.LogoutFilter.doFilter(LogoutFilter.java:110) ~[spring-security-web-7.0.3.jar:7.0.3]
	at org.springframework.security.web.authentication.logout.LogoutFilter.doFilter(LogoutFilter.java:96) ~[spring-security-web-7.0.3.jar:7.0.3]
	at org.springframework.security.web.FilterChainProxy$VirtualFilterChain.doFilter(FilterChainProxy.java:380) ~[spring-security-web-7.0.3.jar:7.0.3]
	at org.springframework.security.web.header.HeaderWriterFilter.doHeadersAfter(HeaderWriterFilter.java:90) ~[spring-security-web-7.0.3.jar:7.0.3]
	at org.springframework.security.web.header.HeaderWriterFilter.doFilterInternal(HeaderWriterFilter.java:75) ~[spring-security-web-7.0.3.jar:7.0.3]
	at org.springframework.web.filter.OncePerRequestFilter.doFilter(OncePerRequestFilter.java:116) ~[spring-web-7.0.5.jar:7.0.5]
	at org.springframework.security.web.FilterChainProxy$VirtualFilterChain.doFilter(FilterChainProxy.java:380) ~[spring-security-web-7.0.3.jar:7.0.3]
	at org.springframework.security.web.context.SecurityContextHolderFilter.doFilter(SecurityContextHolderFilter.java:82) ~[spring-security-web-7.0.3.jar:7.0.3]
	at org.springframework.security.web.context.SecurityContextHolderFilter.doFilter(SecurityContextHolderFilter.java:69) ~[spring-security-web-7.0.3.jar:7.0.3]
	at org.springframework.security.web.FilterChainProxy$VirtualFilterChain.doFilter(FilterChainProxy.java:380) ~[spring-security-web-7.0.3.jar:7.0.3]
	at org.springframework.security.web.context.request.async.WebAsyncManagerIntegrationFilter.doFilterInternal(WebAsyncManagerIntegrationFilter.java:62) ~[spring-security-web-7.0.3.jar:7.0.3]
	at org.springframework.web.filter.OncePerRequestFilter.doFilter(OncePerRequestFilter.java:116) ~[spring-web-7.0.5.jar:7.0.5]
	at org.springframework.security.web.FilterChainProxy$VirtualFilterChain.doFilter(FilterChainProxy.java:380) ~[spring-security-web-7.0.3.jar:7.0.3]
	at org.springframework.security.web.session.DisableEncodeUrlFilter.doFilterInternal(DisableEncodeUrlFilter.java:42) ~[spring-security-web-7.0.3.jar:7.0.3]
	at org.springframework.web.filter.OncePerRequestFilter.doFilter(OncePerRequestFilter.java:116) ~[spring-web-7.0.5.jar:7.0.5]
	at org.springframework.security.web.FilterChainProxy$VirtualFilterChain.doFilter(FilterChainProxy.java:380) ~[spring-security-web-7.0.3.jar:7.0.3]
	at org.springframework.security.web.FilterChainProxy.doFilterInternal(FilterChainProxy.java:237) ~[spring-security-web-7.0.3.jar:7.0.3]
	at org.springframework.security.web.FilterChainProxy.doFilter(FilterChainProxy.java:195) ~[spring-security-web-7.0.3.jar:7.0.3]
	at org.springframework.web.filter.CompositeFilter$VirtualFilterChain.doFilter(CompositeFilter.java:113) ~[spring-web-7.0.5.jar:7.0.5]
	at org.springframework.web.filter.ServletRequestPathFilter.doFilter(ServletRequestPathFilter.java:52) ~[spring-web-7.0.5.jar:7.0.5]
	at org.springframework.web.filter.CompositeFilter$VirtualFilterChain.doFilter(CompositeFilter.java:113) ~[spring-web-7.0.5.jar:7.0.5]
	at org.springframework.web.filter.CompositeFilter.doFilter(CompositeFilter.java:74) ~[spring-web-7.0.5.jar:7.0.5]
	at org.springframework.security.config.annotation.web.configuration.WebSecurityConfiguration$CompositeFilterChainProxy.doFilter(WebSecurityConfiguration.java:317) ~[spring-security-config-7.0.3.jar:7.0.3]
	at org.springframework.web.filter.DelegatingFilterProxy.invokeDelegate(DelegatingFilterProxy.java:355) ~[spring-web-7.0.5.jar:7.0.5]
	at org.springframework.web.filter.DelegatingFilterProxy.doFilter(DelegatingFilterProxy.java:272) ~[spring-web-7.0.5.jar:7.0.5]
	at org.apache.catalina.core.ApplicationFilterChain.doFilter(ApplicationFilterChain.java:107) ~[tomcat-embed-core-11.0.18.jar:11.0.18]
	at org.springframework.web.filter.RequestContextFilter.doFilterInternal(RequestContextFilter.java:100) ~[spring-web-7.0.5.jar:7.0.5]
	at org.springframework.web.filter.OncePerRequestFilter.doFilter(OncePerRequestFilter.java:116) ~[spring-web-7.0.5.jar:7.0.5]
	at org.apache.catalina.core.ApplicationFilterChain.doFilter(ApplicationFilterChain.java:107) ~[tomcat-embed-core-11.0.18.jar:11.0.18]
	at org.springframework.web.filter.FormContentFilter.doFilterInternal(FormContentFilter.java:93) ~[spring-web-7.0.5.jar:7.0.5]
	at org.springframework.web.filter.OncePerRequestFilter.doFilter(OncePerRequestFilter.java:116) ~[spring-web-7.0.5.jar:7.0.5]
	at org.apache.catalina.core.ApplicationFilterChain.doFilter(ApplicationFilterChain.java:107) ~[tomcat-embed-core-11.0.18.jar:11.0.18]
	at org.springframework.web.filter.CharacterEncodingFilter.doFilterInternal(CharacterEncodingFilter.java:199) ~[spring-web-7.0.5.jar:7.0.5]
	at org.springframework.web.filter.OncePerRequestFilter.doFilter(OncePerRequestFilter.java:116) ~[spring-web-7.0.5.jar:7.0.5]
	at org.apache.catalina.core.ApplicationFilterChain.doFilter(ApplicationFilterChain.java:107) ~[tomcat-embed-core-11.0.18.jar:11.0.18]
	at org.apache.catalina.core.StandardWrapperValve.invoke(StandardWrapperValve.java:165) ~[tomcat-embed-core-11.0.18.jar:11.0.18]
	at org.apache.catalina.core.StandardContextValve.invoke(StandardContextValve.java:77) ~[tomcat-embed-core-11.0.18.jar:11.0.18]
	at org.apache.catalina.authenticator.AuthenticatorBase.invoke(AuthenticatorBase.java:492) ~[tomcat-embed-core-11.0.18.jar:11.0.18]
	at org.apache.catalina.core.StandardHostValve.invoke(StandardHostValve.java:113) ~[tomcat-embed-core-11.0.18.jar:11.0.18]
	at org.apache.catalina.valves.ErrorReportValve.invoke(ErrorReportValve.java:83) ~[tomcat-embed-core-11.0.18.jar:11.0.18]
	at org.apache.catalina.core.StandardEngineValve.invoke(StandardEngineValve.java:72) ~[tomcat-embed-core-11.0.18.jar:11.0.18]
	at org.apache.catalina.connector.CoyoteAdapter.service(CoyoteAdapter.java:341) ~[tomcat-embed-core-11.0.18.jar:11.0.18]
	at org.apache.coyote.http11.Http11Processor.service(Http11Processor.java:397) ~[tomcat-embed-core-11.0.18.jar:11.0.18]
	at org.apache.coyote.AbstractProcessorLight.process(AbstractProcessorLight.java:63) ~[tomcat-embed-core-11.0.18.jar:11.0.18]
	at org.apache.coyote.AbstractProtocol$ConnectionHandler.process(AbstractProtocol.java:903) ~[tomcat-embed-core-11.0.18.jar:11.0.18]
	at org.apache.tomcat.util.net.NioEndpoint$SocketProcessor.doRun(NioEndpoint.java:1779) ~[tomcat-embed-core-11.0.18.jar:11.0.18]
	at org.apache.tomcat.util.net.SocketProcessorBase.run(SocketProcessorBase.java:52) ~[tomcat-embed-core-11.0.18.jar:11.0.18]
	at org.apache.tomcat.util.threads.ThreadPoolExecutor.runWorker(ThreadPoolExecutor.java:946) ~[tomcat-embed-core-11.0.18.jar:11.0.18]
	at org.apache.tomcat.util.threads.ThreadPoolExecutor$Worker.run(ThreadPoolExecutor.java:480) ~[tomcat-embed-core-11.0.18.jar:11.0.18]
	at org.apache.tomcat.util.threads.TaskThread$WrappingRunnable.run(TaskThread.java:57) ~[tomcat-embed-core-11.0.18.jar:11.0.18]
	at java.base/java.lang.Thread.run(Thread.java:1583) ~[na:na]

2026-03-16T19:14:03.401+05:30  INFO 4060 --- [eCommerce] [http-nio-8080-exec-4] c.incture.eCommerce.service.CartService  : Adding product to cart: userId=1, productId=1, quantity=9
2026-03-16T19:14:03.402+05:30  INFO 4060 --- [eCommerce] [http-nio-8080-exec-4] c.incture.eCommerce.service.CartService  : Fetching cart for userId=1
2026-03-16T19:14:03.613+05:30 DEBUG 4060 --- [eCommerce] [http-nio-8080-exec-4] c.incture.eCommerce.service.CartService  : New product added to cart. productId=1
2026-03-16T19:14:03.623+05:30 DEBUG 4060 --- [eCommerce] [http-nio-8080-exec-4] c.incture.eCommerce.service.CartService  : Cart total recalculated. cartId=1, totalPrice=719991.0
2026-03-16T19:14:42.986+05:30 ERROR 4060 --- [eCommerce] [http-nio-8080-exec-5] o.a.c.c.C.[.[.[/].[dispatcherServlet]    : Servlet.service() for servlet [dispatcherServlet] in context with path [] threw exception

io.jsonwebtoken.ExpiredJwtException: JWT expired at 2026-03-15T18:51:12Z. Current time: 2026-03-16T13:44:42Z, a difference of 68010983 milliseconds.  Allowed clock skew: 0 milliseconds.
	at io.jsonwebtoken.impl.DefaultJwtParser.parse(DefaultJwtParser.java:427) ~[jjwt-impl-0.11.5.jar:0.11.5]
	at io.jsonwebtoken.impl.DefaultJwtParser.parse(DefaultJwtParser.java:529) ~[jjwt-impl-0.11.5.jar:0.11.5]
	at io.jsonwebtoken.impl.DefaultJwtParser.parseClaimsJws(DefaultJwtParser.java:589) ~[jjwt-impl-0.11.5.jar:0.11.5]
	at io.jsonwebtoken.impl.ImmutableJwtParser.parseClaimsJws(ImmutableJwtParser.java:173) ~[jjwt-impl-0.11.5.jar:0.11.5]
	at com.incture.eCommerce.util.JwtUtil.extractAllClaims(JwtUtil.java:48) ~[classes/:na]
	at com.incture.eCommerce.util.JwtUtil.extractUsername(JwtUtil.java:42) ~[classes/:na]
	at com.incture.eCommerce.filter.JwtFilter.doFilterInternal(JwtFilter.java:40) ~[classes/:na]
	at org.springframework.web.filter.OncePerRequestFilter.doFilter(OncePerRequestFilter.java:116) ~[spring-web-7.0.5.jar:7.0.5]
	at org.springframework.security.web.FilterChainProxy$VirtualFilterChain.doFilter(FilterChainProxy.java:380) ~[spring-security-web-7.0.3.jar:7.0.3]
	at org.springframework.security.web.authentication.logout.LogoutFilter.doFilter(LogoutFilter.java:110) ~[spring-security-web-7.0.3.jar:7.0.3]
	at org.springframework.security.web.authentication.logout.LogoutFilter.doFilter(LogoutFilter.java:96) ~[spring-security-web-7.0.3.jar:7.0.3]
	at org.springframework.security.web.FilterChainProxy$VirtualFilterChain.doFilter(FilterChainProxy.java:380) ~[spring-security-web-7.0.3.jar:7.0.3]
	at org.springframework.security.web.header.HeaderWriterFilter.doHeadersAfter(HeaderWriterFilter.java:90) ~[spring-security-web-7.0.3.jar:7.0.3]
	at org.springframework.security.web.header.HeaderWriterFilter.doFilterInternal(HeaderWriterFilter.java:75) ~[spring-security-web-7.0.3.jar:7.0.3]
	at org.springframework.web.filter.OncePerRequestFilter.doFilter(OncePerRequestFilter.java:116) ~[spring-web-7.0.5.jar:7.0.5]
	at org.springframework.security.web.FilterChainProxy$VirtualFilterChain.doFilter(FilterChainProxy.java:380) ~[spring-security-web-7.0.3.jar:7.0.3]
	at org.springframework.security.web.context.SecurityContextHolderFilter.doFilter(SecurityContextHolderFilter.java:82) ~[spring-security-web-7.0.3.jar:7.0.3]
	at org.springframework.security.web.context.SecurityContextHolderFilter.doFilter(SecurityContextHolderFilter.java:69) ~[spring-security-web-7.0.3.jar:7.0.3]
	at org.springframework.security.web.FilterChainProxy$VirtualFilterChain.doFilter(FilterChainProxy.java:380) ~[spring-security-web-7.0.3.jar:7.0.3]
	at org.springframework.security.web.context.request.async.WebAsyncManagerIntegrationFilter.doFilterInternal(WebAsyncManagerIntegrationFilter.java:62) ~[spring-security-web-7.0.3.jar:7.0.3]
	at org.springframework.web.filter.OncePerRequestFilter.doFilter(OncePerRequestFilter.java:116) ~[spring-web-7.0.5.jar:7.0.5]
	at org.springframework.security.web.FilterChainProxy$VirtualFilterChain.doFilter(FilterChainProxy.java:380) ~[spring-security-web-7.0.3.jar:7.0.3]
	at org.springframework.security.web.session.DisableEncodeUrlFilter.doFilterInternal(DisableEncodeUrlFilter.java:42) ~[spring-security-web-7.0.3.jar:7.0.3]
	at org.springframework.web.filter.OncePerRequestFilter.doFilter(OncePerRequestFilter.java:116) ~[spring-web-7.0.5.jar:7.0.5]
	at org.springframework.security.web.FilterChainProxy$VirtualFilterChain.doFilter(FilterChainProxy.java:380) ~[spring-security-web-7.0.3.jar:7.0.3]
	at org.springframework.security.web.FilterChainProxy.doFilterInternal(FilterChainProxy.java:237) ~[spring-security-web-7.0.3.jar:7.0.3]
	at org.springframework.security.web.FilterChainProxy.doFilter(FilterChainProxy.java:195) ~[spring-security-web-7.0.3.jar:7.0.3]
	at org.springframework.web.filter.CompositeFilter$VirtualFilterChain.doFilter(CompositeFilter.java:113) ~[spring-web-7.0.5.jar:7.0.5]
	at org.springframework.web.filter.ServletRequestPathFilter.doFilter(ServletRequestPathFilter.java:52) ~[spring-web-7.0.5.jar:7.0.5]
	at org.springframework.web.filter.CompositeFilter$VirtualFilterChain.doFilter(CompositeFilter.java:113) ~[spring-web-7.0.5.jar:7.0.5]
	at org.springframework.web.filter.CompositeFilter.doFilter(CompositeFilter.java:74) ~[spring-web-7.0.5.jar:7.0.5]
	at org.springframework.security.config.annotation.web.configuration.WebSecurityConfiguration$CompositeFilterChainProxy.doFilter(WebSecurityConfiguration.java:317) ~[spring-security-config-7.0.3.jar:7.0.3]
	at org.springframework.web.filter.DelegatingFilterProxy.invokeDelegate(DelegatingFilterProxy.java:355) ~[spring-web-7.0.5.jar:7.0.5]
	at org.springframework.web.filter.DelegatingFilterProxy.doFilter(DelegatingFilterProxy.java:272) ~[spring-web-7.0.5.jar:7.0.5]
	at org.apache.catalina.core.ApplicationFilterChain.doFilter(ApplicationFilterChain.java:107) ~[tomcat-embed-core-11.0.18.jar:11.0.18]
	at org.springframework.web.filter.RequestContextFilter.doFilterInternal(RequestContextFilter.java:100) ~[spring-web-7.0.5.jar:7.0.5]
	at org.springframework.web.filter.OncePerRequestFilter.doFilter(OncePerRequestFilter.java:116) ~[spring-web-7.0.5.jar:7.0.5]
	at org.apache.catalina.core.ApplicationFilterChain.doFilter(ApplicationFilterChain.java:107) ~[tomcat-embed-core-11.0.18.jar:11.0.18]
	at org.springframework.web.filter.FormContentFilter.doFilterInternal(FormContentFilter.java:93) ~[spring-web-7.0.5.jar:7.0.5]
	at org.springframework.web.filter.OncePerRequestFilter.doFilter(OncePerRequestFilter.java:116) ~[spring-web-7.0.5.jar:7.0.5]
	at org.apache.catalina.core.ApplicationFilterChain.doFilter(ApplicationFilterChain.java:107) ~[tomcat-embed-core-11.0.18.jar:11.0.18]
	at org.springframework.web.filter.CharacterEncodingFilter.doFilterInternal(CharacterEncodingFilter.java:199) ~[spring-web-7.0.5.jar:7.0.5]
	at org.springframework.web.filter.OncePerRequestFilter.doFilter(OncePerRequestFilter.java:116) ~[spring-web-7.0.5.jar:7.0.5]
	at org.apache.catalina.core.ApplicationFilterChain.doFilter(ApplicationFilterChain.java:107) ~[tomcat-embed-core-11.0.18.jar:11.0.18]
	at org.apache.catalina.core.StandardWrapperValve.invoke(StandardWrapperValve.java:165) ~[tomcat-embed-core-11.0.18.jar:11.0.18]
	at org.apache.catalina.core.StandardContextValve.invoke(StandardContextValve.java:77) ~[tomcat-embed-core-11.0.18.jar:11.0.18]
	at org.apache.catalina.authenticator.AuthenticatorBase.invoke(AuthenticatorBase.java:492) ~[tomcat-embed-core-11.0.18.jar:11.0.18]
	at org.apache.catalina.core.StandardHostValve.invoke(StandardHostValve.java:113) ~[tomcat-embed-core-11.0.18.jar:11.0.18]
	at org.apache.catalina.valves.ErrorReportValve.invoke(ErrorReportValve.java:83) ~[tomcat-embed-core-11.0.18.jar:11.0.18]
	at org.apache.catalina.core.StandardEngineValve.invoke(StandardEngineValve.java:72) ~[tomcat-embed-core-11.0.18.jar:11.0.18]
	at org.apache.catalina.connector.CoyoteAdapter.service(CoyoteAdapter.java:341) ~[tomcat-embed-core-11.0.18.jar:11.0.18]
	at org.apache.coyote.http11.Http11Processor.service(Http11Processor.java:397) ~[tomcat-embed-core-11.0.18.jar:11.0.18]
	at org.apache.coyote.AbstractProcessorLight.process(AbstractProcessorLight.java:63) ~[tomcat-embed-core-11.0.18.jar:11.0.18]
	at org.apache.coyote.AbstractProtocol$ConnectionHandler.process(AbstractProtocol.java:903) ~[tomcat-embed-core-11.0.18.jar:11.0.18]
	at org.apache.tomcat.util.net.NioEndpoint$SocketProcessor.doRun(NioEndpoint.java:1779) ~[tomcat-embed-core-11.0.18.jar:11.0.18]
	at org.apache.tomcat.util.net.SocketProcessorBase.run(SocketProcessorBase.java:52) ~[tomcat-embed-core-11.0.18.jar:11.0.18]
	at org.apache.tomcat.util.threads.ThreadPoolExecutor.runWorker(ThreadPoolExecutor.java:946) ~[tomcat-embed-core-11.0.18.jar:11.0.18]
	at org.apache.tomcat.util.threads.ThreadPoolExecutor$Worker.run(ThreadPoolExecutor.java:480) ~[tomcat-embed-core-11.0.18.jar:11.0.18]
	at org.apache.tomcat.util.threads.TaskThread$WrappingRunnable.run(TaskThread.java:57) ~[tomcat-embed-core-11.0.18.jar:11.0.18]
	at java.base/java.lang.Thread.run(Thread.java:1583) ~[na:na]

2026-03-16T19:14:48.621+05:30  INFO 4060 --- [eCommerce] [http-nio-8080-exec-6] c.i.eCommerce.service.OrderService       : Checkout initiated for userId=1
2026-03-16T19:14:48.645+05:30  WARN 4060 --- [eCommerce] [http-nio-8080-exec-6] c.i.eCommerce.service.OrderService       : Payment failed during checkout. userId=1
2026-03-16T19:14:48.673+05:30  INFO 4060 --- [eCommerce] [http-nio-8080-exec-6] c.i.eCommerce.service.OrderService       : Order created successfully. orderId=3, userId=1
2026-03-16T19:15:05.402+05:30  INFO 4060 --- [eCommerce] [http-nio-8080-exec-7] c.i.eCommerce.service.OrderService       : Checkout initiated for userId=1
2026-03-16T19:15:05.418+05:30  WARN 4060 --- [eCommerce] [http-nio-8080-exec-7] c.i.eCommerce.service.OrderService       : Payment failed during checkout. userId=1
2026-03-16T19:15:05.428+05:30  INFO 4060 --- [eCommerce] [http-nio-8080-exec-7] c.i.eCommerce.service.OrderService       : Order created successfully. orderId=4, userId=1
2026-03-16T19:15:34.705+05:30  INFO 4060 --- [eCommerce] [http-nio-8080-exec-8] c.i.eCommerce.service.OrderService       : Checkout initiated for userId=1
2026-03-16T19:15:34.726+05:30  INFO 4060 --- [eCommerce] [http-nio-8080-exec-8] c.i.eCommerce.service.OrderService       : Order created successfully. orderId=5, userId=1
2026-03-16T19:15:34.727+05:30 DEBUG 4060 --- [eCommerce] [http-nio-8080-exec-8] c.i.eCommerce.service.OrderService       : Cart cleared after successful checkout. userId=1
2026-03-16T19:15:34.728+05:30  INFO 4060 --- [eCommerce] [http-nio-8080-exec-8] c.i.eCommerce.service.OrderService       : Payment successful. userId=1
2026-03-16T19:15:34.729+05:30  INFO 4060 --- [eCommerce] [http-nio-8080-exec-8] c.i.eCommerce.service.EmailService       : Preparing order confirmation email for: brahma@gmail.com
2026-03-16T19:15:42.340+05:30  INFO 4060 --- [eCommerce] [http-nio-8080-exec-8] c.i.eCommerce.service.EmailService       : Order confirmation email sent successfully to: brahma@gmail.com
2026-03-16T19:17:34.290+05:30  INFO 4060 --- [eCommerce] [http-nio-8080-exec-1] c.incture.eCommerce.service.UserService  : Registering new user with email: brahmananda5180@gmail.com
2026-03-16T19:17:34.516+05:30  INFO 4060 --- [eCommerce] [http-nio-8080-exec-1] c.incture.eCommerce.service.UserService  : User registered successfully with id: 6
2026-03-16T19:17:34.524+05:30 DEBUG 4060 --- [eCommerce] [http-nio-8080-exec-1] c.incture.eCommerce.service.UserService  : Cart created for user id: 6
2026-03-16T19:17:51.481+05:30  INFO 4060 --- [eCommerce] [http-nio-8080-exec-3] c.incture.eCommerce.service.UserService  : Login attempt for email: brahmananda5180@gmail.com
2026-03-16T19:17:51.673+05:30  INFO 4060 --- [eCommerce] [http-nio-8080-exec-3] c.incture.eCommerce.service.UserService  : Authentication successful for email: brahmananda5180@gmail.com
2026-03-16T19:18:01.864+05:30  INFO 4060 --- [eCommerce] [http-nio-8080-exec-2] c.incture.eCommerce.service.CartService  : Adding product to cart: userId=1, productId=1, quantity=9
2026-03-16T19:18:01.865+05:30  INFO 4060 --- [eCommerce] [http-nio-8080-exec-2] c.incture.eCommerce.service.CartService  : Fetching cart for userId=1
2026-03-16T19:18:10.285+05:30  INFO 4060 --- [eCommerce] [http-nio-8080-exec-5] c.incture.eCommerce.service.CartService  : Adding product to cart: userId=6, productId=1, quantity=9
2026-03-16T19:18:10.286+05:30  INFO 4060 --- [eCommerce] [http-nio-8080-exec-5] c.incture.eCommerce.service.CartService  : Fetching cart for userId=6
2026-03-16T19:19:17.677+05:30  INFO 4060 --- [eCommerce] [http-nio-8080-exec-7] c.i.eCommerce.service.ProductService     : Fetching products page=0, size=5, category=null, sortBy=price
2026-03-16T19:19:17.758+05:30  WARN 4060 --- [eCommerce] [http-nio-8080-exec-7] ration$PageModule$WarningLoggingModifier : Serializing PageImpl instances as-is is not supported, meaning that there is no guarantee about the stability of the resulting JSON structure!
	For a stable JSON structure, please use Spring Data's PagedModel (globally via @EnableSpringDataWebSupport(pageSerializationMode = VIA_DTO))
	or Spring HATEOAS and Spring Data's PagedResourcesAssembler as documented in https://docs.spring.io/spring-data/commons/reference/repositories/core-extensions.html#core.web.pageables.

2026-03-16T19:20:02.286+05:30  INFO 4060 --- [eCommerce] [http-nio-8080-exec-8] c.incture.eCommerce.service.UserService  : Login attempt for email: admin@gmail.com
2026-03-16T19:20:02.459+05:30  INFO 4060 --- [eCommerce] [http-nio-8080-exec-8] c.incture.eCommerce.service.UserService  : Authentication successful for email: admin@gmail.com
2026-03-16T19:20:16.353+05:30  INFO 4060 --- [eCommerce] [http-nio-8080-exec-9] c.i.eCommerce.service.ProductService     : Updating product with id: 1
2026-03-16T19:20:16.353+05:30  INFO 4060 --- [eCommerce] [http-nio-8080-exec-9] c.i.eCommerce.service.ProductService     : Fetching product with id: 1
2026-03-16T19:20:16.377+05:30  INFO 4060 --- [eCommerce] [http-nio-8080-exec-9] c.i.eCommerce.service.ProductService     : Product updated successfully with id: 1
2026-03-16T19:20:48.383+05:30  INFO 4060 --- [eCommerce] [http-nio-8080-exec-10] c.incture.eCommerce.service.UserService  : Login attempt for email: brahmananda5180@gmail.com
2026-03-16T19:20:48.553+05:30  INFO 4060 --- [eCommerce] [http-nio-8080-exec-10] c.incture.eCommerce.service.UserService  : Authentication successful for email: brahmananda5180@gmail.com
2026-03-16T19:20:59.104+05:30  INFO 4060 --- [eCommerce] [http-nio-8080-exec-1] c.incture.eCommerce.service.CartService  : Adding product to cart: userId=6, productId=1, quantity=9
2026-03-16T19:20:59.104+05:30  INFO 4060 --- [eCommerce] [http-nio-8080-exec-1] c.incture.eCommerce.service.CartService  : Fetching cart for userId=6
2026-03-16T19:20:59.127+05:30 DEBUG 4060 --- [eCommerce] [http-nio-8080-exec-1] c.incture.eCommerce.service.CartService  : New product added to cart. productId=1
2026-03-16T19:20:59.127+05:30 DEBUG 4060 --- [eCommerce] [http-nio-8080-exec-1] c.incture.eCommerce.service.CartService  : Cart total recalculated. cartId=5, totalPrice=719991.0
2026-03-16T19:21:26.299+05:30  INFO 4060 --- [eCommerce] [http-nio-8080-exec-3] c.incture.eCommerce.service.CartService  : Adding product to cart: userId=6, productId=4, quantity=2
2026-03-16T19:21:26.303+05:30  INFO 4060 --- [eCommerce] [http-nio-8080-exec-3] c.incture.eCommerce.service.CartService  : Fetching cart for userId=6
2026-03-16T19:21:26.329+05:30 DEBUG 4060 --- [eCommerce] [http-nio-8080-exec-3] c.incture.eCommerce.service.CartService  : New product added to cart. productId=4
2026-03-16T19:21:26.330+05:30 DEBUG 4060 --- [eCommerce] [http-nio-8080-exec-3] c.incture.eCommerce.service.CartService  : Cart total recalculated. cartId=5, totalPrice=779989.0
2026-03-16T19:21:36.792+05:30  INFO 4060 --- [eCommerce] [http-nio-8080-exec-2] c.i.eCommerce.service.OrderService       : Checkout initiated for userId=6
2026-03-16T19:21:36.822+05:30  INFO 4060 --- [eCommerce] [http-nio-8080-exec-2] c.i.eCommerce.service.OrderService       : Order created successfully. orderId=6, userId=6
2026-03-16T19:21:36.822+05:30 DEBUG 4060 --- [eCommerce] [http-nio-8080-exec-2] c.i.eCommerce.service.OrderService       : Cart cleared after successful checkout. userId=6
2026-03-16T19:21:36.823+05:30  INFO 4060 --- [eCommerce] [http-nio-8080-exec-2] c.i.eCommerce.service.OrderService       : Payment successful. userId=6
2026-03-16T19:21:36.824+05:30  INFO 4060 --- [eCommerce] [http-nio-8080-exec-2] c.i.eCommerce.service.EmailService       : Preparing order confirmation email for: brahmananda5180@gmail.com
2026-03-16T19:21:42.881+05:30  INFO 4060 --- [eCommerce] [http-nio-8080-exec-2] c.i.eCommerce.service.EmailService       : Order confirmation email sent successfully to: brahmananda5180@gmail.com
2026-03-16T19:22:34.010+05:30  INFO 4060 --- [eCommerce] [SpringApplicationShutdownHook] o.s.boot.tomcat.GracefulShutdown         : Commencing graceful shutdown. Waiting for active requests to complete
2026-03-16T19:22:34.025+05:30  INFO 4060 --- [eCommerce] [tomcat-shutdown] o.s.boot.tomcat.GracefulShutdown         : Graceful shutdown complete
2026-03-16T19:22:34.033+05:30  INFO 4060 --- [eCommerce] [SpringApplicationShutdownHook] j.LocalContainerEntityManagerFactoryBean : Closing JPA EntityManagerFactory for persistence unit 'default'
2026-03-16T19:22:34.037+05:30  INFO 4060 --- [eCommerce] [SpringApplicationShutdownHook] com.zaxxer.hikari.HikariDataSource       : HikariPool-1 - Shutdown initiated...
2026-03-16T19:22:34.050+05:30  INFO 4060 --- [eCommerce] [SpringApplicationShutdownHook] com.zaxxer.hikari.HikariDataSource       : HikariPool-1 - Shutdown completed.
2026-03-16T20:29:40.161+05:30  INFO 12244 --- [eCommerce] [main] c.i.eCommerce.ECommerceApplication       : Starting ECommerceApplication using Java 21.0.8 with PID 12244 (C:\Users\mbrah\Downloads\eCommerce (1)\eCommerce\target\classes started by mbrah in C:\Users\mbrah\Downloads\eCommerce (1)\eCommerce)
2026-03-16T20:29:40.164+05:30 DEBUG 12244 --- [eCommerce] [main] c.i.eCommerce.ECommerceApplication       : Running with Spring Boot v4.0.3, Spring v7.0.5
2026-03-16T20:29:40.165+05:30  INFO 12244 --- [eCommerce] [main] c.i.eCommerce.ECommerceApplication       : No active profile set, falling back to 1 default profile: "default"
2026-03-16T20:29:41.065+05:30  INFO 12244 --- [eCommerce] [main] .s.d.r.c.RepositoryConfigurationDelegate : Bootstrapping Spring Data JPA repositories in DEFAULT mode.
2026-03-16T20:29:41.121+05:30  INFO 12244 --- [eCommerce] [main] .s.d.r.c.RepositoryConfigurationDelegate : Finished Spring Data repository scanning in 44 ms. Found 4 JPA repository interfaces.
2026-03-16T20:29:41.670+05:30  INFO 12244 --- [eCommerce] [main] o.s.boot.tomcat.TomcatWebServer          : Tomcat initialized with port 8080 (http)
2026-03-16T20:29:41.681+05:30  INFO 12244 --- [eCommerce] [main] o.apache.catalina.core.StandardService   : Starting service [Tomcat]
2026-03-16T20:29:41.682+05:30  INFO 12244 --- [eCommerce] [main] o.apache.catalina.core.StandardEngine    : Starting Servlet engine: [Apache Tomcat/11.0.18]
2026-03-16T20:29:41.732+05:30  INFO 12244 --- [eCommerce] [main] b.w.c.s.WebApplicationContextInitializer : Root WebApplicationContext: initialization completed in 1505 ms
2026-03-16T20:29:41.887+05:30  INFO 12244 --- [eCommerce] [main] org.hibernate.orm.jpa                    : HHH008540: Processing PersistenceUnitInfo [name: default]
2026-03-16T20:29:41.948+05:30  INFO 12244 --- [eCommerce] [main] org.hibernate.orm.core                   : HHH000001: Hibernate ORM core version 7.2.4.Final
2026-03-16T20:29:42.440+05:30  INFO 12244 --- [eCommerce] [main] o.s.o.j.p.SpringPersistenceUnitInfo      : No LoadTimeWeaver setup: ignoring JPA class transformer
2026-03-16T20:29:42.460+05:30  INFO 12244 --- [eCommerce] [main] com.zaxxer.hikari.HikariDataSource       : HikariPool-1 - Starting...
2026-03-16T20:29:42.741+05:30  INFO 12244 --- [eCommerce] [main] com.zaxxer.hikari.pool.HikariPool        : HikariPool-1 - Added connection com.mysql.cj.jdbc.ConnectionImpl@5cf072ea
2026-03-16T20:29:42.742+05:30  INFO 12244 --- [eCommerce] [main] com.zaxxer.hikari.HikariDataSource       : HikariPool-1 - Start completed.
2026-03-16T20:29:42.785+05:30  WARN 12244 --- [eCommerce] [main] org.hibernate.orm.deprecation            : HHH90000025: MySQLDialect does not need to be specified explicitly using 'hibernate.dialect' (remove the property setting and it will be selected by default)
2026-03-16T20:29:42.798+05:30  INFO 12244 --- [eCommerce] [main] org.hibernate.orm.connections.pooling    : HHH10001005: Database info:
	Database JDBC URL [jdbc:mysql://localhost:3306/ecommerce_db?createDatabaseIfNotExist=true]
	Database driver: MySQL Connector/J
	Database dialect: MySQLDialect
	Database version: 8.0.45
	Default catalog/schema: ecommerce_db/undefined
	Autocommit mode: undefined/unknown
	Isolation level: REPEATABLE_READ [default REPEATABLE_READ]
	JDBC fetch size: none
	Pool: DataSourceConnectionProvider
	Minimum pool size: undefined/unknown
	Maximum pool size: undefined/unknown
2026-03-16T20:29:43.607+05:30  INFO 12244 --- [eCommerce] [main] org.hibernate.orm.core                   : HHH000489: No JTA platform available (set 'hibernate.transaction.jta.platform' to enable JTA platform integration)
2026-03-16T20:29:43.681+05:30  INFO 12244 --- [eCommerce] [main] j.LocalContainerEntityManagerFactoryBean : Initialized JPA EntityManagerFactory for persistence unit 'default'
2026-03-16T20:29:43.743+05:30  INFO 12244 --- [eCommerce] [main] o.s.d.j.r.query.QueryEnhancerFactories   : Hibernate is in classpath; If applicable, HQL parser will be used.
2026-03-16T20:29:43.923+05:30 DEBUG 12244 --- [eCommerce] [main] com.incture.eCommerce.filter.JwtFilter   : Filter 'jwtFilter' configured for use
2026-03-16T20:29:44.197+05:30  WARN 12244 --- [eCommerce] [main] JpaBaseConfiguration$JpaWebConfiguration : spring.jpa.open-in-view is enabled by default. Therefore, database queries may be performed during view rendering. Explicitly configure spring.jpa.open-in-view to disable this warning
2026-03-16T20:29:44.261+05:30  INFO 12244 --- [eCommerce] [main] r$InitializeUserDetailsManagerConfigurer : Global AuthenticationManager configured with UserDetailsService bean with name customUserDetailsService
2026-03-16T20:29:44.812+05:30  WARN 12244 --- [eCommerce] [main] ConfigServletWebServerApplicationContext : Exception encountered during context initialization - cancelling refresh attempt: org.springframework.context.ApplicationContextException: Failed to start bean 'webServerStartStop'
2026-03-16T20:29:44.814+05:30  INFO 12244 --- [eCommerce] [main] j.LocalContainerEntityManagerFactoryBean : Closing JPA EntityManagerFactory for persistence unit 'default'
2026-03-16T20:29:44.816+05:30  INFO 12244 --- [eCommerce] [main] com.zaxxer.hikari.HikariDataSource       : HikariPool-1 - Shutdown initiated...
2026-03-16T20:29:44.823+05:30  INFO 12244 --- [eCommerce] [main] com.zaxxer.hikari.HikariDataSource       : HikariPool-1 - Shutdown completed.
2026-03-16T20:29:44.832+05:30  INFO 12244 --- [eCommerce] [main] .s.b.a.l.ConditionEvaluationReportLogger : 

Error starting ApplicationContext. To display the condition evaluation report re-run your application with 'debug' enabled.
2026-03-16T20:29:44.850+05:30 ERROR 12244 --- [eCommerce] [main] o.s.b.d.LoggingFailureAnalysisReporter   : 

***************************
APPLICATION FAILED TO START
***************************

Description:

Web server failed to start. Port 8080 was already in use.

Action:

Identify and stop the process that's listening on port 8080 or configure this application to listen on another port.

2026-03-16T20:29:59.228+05:30  INFO 16848 --- [eCommerce] [main] c.i.eCommerce.ECommerceApplication       : Starting ECommerceApplication using Java 21.0.8 with PID 16848 (C:\Users\mbrah\Downloads\eCommerce (1)\eCommerce\target\classes started by mbrah in C:\Users\mbrah\Downloads\eCommerce (1)\eCommerce)
2026-03-16T20:29:59.232+05:30 DEBUG 16848 --- [eCommerce] [main] c.i.eCommerce.ECommerceApplication       : Running with Spring Boot v4.0.3, Spring v7.0.5
2026-03-16T20:29:59.232+05:30  INFO 16848 --- [eCommerce] [main] c.i.eCommerce.ECommerceApplication       : No active profile set, falling back to 1 default profile: "default"
2026-03-16T20:30:00.106+05:30  INFO 16848 --- [eCommerce] [main] .s.d.r.c.RepositoryConfigurationDelegate : Bootstrapping Spring Data JPA repositories in DEFAULT mode.
2026-03-16T20:30:00.177+05:30  INFO 16848 --- [eCommerce] [main] .s.d.r.c.RepositoryConfigurationDelegate : Finished Spring Data repository scanning in 62 ms. Found 4 JPA repository interfaces.
2026-03-16T20:30:00.802+05:30  INFO 16848 --- [eCommerce] [main] o.s.boot.tomcat.TomcatWebServer          : Tomcat initialized with port 8080 (http)
2026-03-16T20:30:00.816+05:30  INFO 16848 --- [eCommerce] [main] o.apache.catalina.core.StandardService   : Starting service [Tomcat]
2026-03-16T20:30:00.817+05:30  INFO 16848 --- [eCommerce] [main] o.apache.catalina.core.StandardEngine    : Starting Servlet engine: [Apache Tomcat/11.0.18]
2026-03-16T20:30:00.875+05:30  INFO 16848 --- [eCommerce] [main] b.w.c.s.WebApplicationContextInitializer : Root WebApplicationContext: initialization completed in 1584 ms
2026-03-16T20:30:01.074+05:30  INFO 16848 --- [eCommerce] [main] org.hibernate.orm.jpa                    : HHH008540: Processing PersistenceUnitInfo [name: default]
2026-03-16T20:30:01.144+05:30  INFO 16848 --- [eCommerce] [main] org.hibernate.orm.core                   : HHH000001: Hibernate ORM core version 7.2.4.Final
2026-03-16T20:30:01.646+05:30  INFO 16848 --- [eCommerce] [main] o.s.o.j.p.SpringPersistenceUnitInfo      : No LoadTimeWeaver setup: ignoring JPA class transformer
2026-03-16T20:30:01.671+05:30  INFO 16848 --- [eCommerce] [main] com.zaxxer.hikari.HikariDataSource       : HikariPool-1 - Starting...
2026-03-16T20:30:01.932+05:30  INFO 16848 --- [eCommerce] [main] com.zaxxer.hikari.pool.HikariPool        : HikariPool-1 - Added connection com.mysql.cj.jdbc.ConnectionImpl@784212
2026-03-16T20:30:01.934+05:30  INFO 16848 --- [eCommerce] [main] com.zaxxer.hikari.HikariDataSource       : HikariPool-1 - Start completed.
2026-03-16T20:30:01.980+05:30  WARN 16848 --- [eCommerce] [main] org.hibernate.orm.deprecation            : HHH90000025: MySQLDialect does not need to be specified explicitly using 'hibernate.dialect' (remove the property setting and it will be selected by default)
2026-03-16T20:30:02.009+05:30  INFO 16848 --- [eCommerce] [main] org.hibernate.orm.connections.pooling    : HHH10001005: Database info:
	Database JDBC URL [jdbc:mysql://localhost:3306/ecommerce_db?createDatabaseIfNotExist=true]
	Database driver: MySQL Connector/J
	Database dialect: MySQLDialect
	Database version: 8.0.45
	Default catalog/schema: ecommerce_db/undefined
	Autocommit mode: undefined/unknown
	Isolation level: REPEATABLE_READ [default REPEATABLE_READ]
	JDBC fetch size: none
	Pool: DataSourceConnectionProvider
	Minimum pool size: undefined/unknown
	Maximum pool size: undefined/unknown
2026-03-16T20:30:02.853+05:30  INFO 16848 --- [eCommerce] [main] org.hibernate.orm.core                   : HHH000489: No JTA platform available (set 'hibernate.transaction.jta.platform' to enable JTA platform integration)
2026-03-16T20:30:02.919+05:30  INFO 16848 --- [eCommerce] [main] j.LocalContainerEntityManagerFactoryBean : Initialized JPA EntityManagerFactory for persistence unit 'default'
2026-03-16T20:30:02.968+05:30  INFO 16848 --- [eCommerce] [main] o.s.d.j.r.query.QueryEnhancerFactories   : Hibernate is in classpath; If applicable, HQL parser will be used.
2026-03-16T20:30:03.159+05:30 DEBUG 16848 --- [eCommerce] [main] com.incture.eCommerce.filter.JwtFilter   : Filter 'jwtFilter' configured for use
2026-03-16T20:30:03.469+05:30  WARN 16848 --- [eCommerce] [main] JpaBaseConfiguration$JpaWebConfiguration : spring.jpa.open-in-view is enabled by default. Therefore, database queries may be performed during view rendering. Explicitly configure spring.jpa.open-in-view to disable this warning
2026-03-16T20:30:03.540+05:30  INFO 16848 --- [eCommerce] [main] r$InitializeUserDetailsManagerConfigurer : Global AuthenticationManager configured with UserDetailsService bean with name customUserDetailsService
2026-03-16T20:30:04.119+05:30  INFO 16848 --- [eCommerce] [main] o.s.boot.tomcat.TomcatWebServer          : Tomcat started on port 8080 (http) with context path '/'
2026-03-16T20:30:04.125+05:30  INFO 16848 --- [eCommerce] [main] c.i.eCommerce.ECommerceApplication       : Started ECommerceApplication in 5.34 seconds (process running for 5.734)
2026-03-16T20:30:11.174+05:30  INFO 16848 --- [eCommerce] [http-nio-8080-exec-1] o.a.c.c.C.[Tomcat].[localhost].[/]       : Initializing Spring DispatcherServlet 'dispatcherServlet'
2026-03-16T20:30:11.175+05:30  INFO 16848 --- [eCommerce] [http-nio-8080-exec-1] o.s.web.servlet.DispatcherServlet        : Initializing Servlet 'dispatcherServlet'
2026-03-16T20:30:11.177+05:30  INFO 16848 --- [eCommerce] [http-nio-8080-exec-1] o.s.web.servlet.DispatcherServlet        : Completed initialization in 1 ms
2026-03-16T20:30:56.789+05:30  INFO 16848 --- [eCommerce] [SpringApplicationShutdownHook] o.s.boot.tomcat.GracefulShutdown         : Commencing graceful shutdown. Waiting for active requests to complete
2026-03-16T20:30:56.794+05:30  INFO 16848 --- [eCommerce] [tomcat-shutdown] o.s.boot.tomcat.GracefulShutdown         : Graceful shutdown complete
2026-03-16T20:30:56.798+05:30  INFO 16848 --- [eCommerce] [SpringApplicationShutdownHook] j.LocalContainerEntityManagerFactoryBean : Closing JPA EntityManagerFactory for persistence unit 'default'
2026-03-16T20:30:56.801+05:30  INFO 16848 --- [eCommerce] [SpringApplicationShutdownHook] com.zaxxer.hikari.HikariDataSource       : HikariPool-1 - Shutdown initiated...
2026-03-16T20:30:56.809+05:30  INFO 16848 --- [eCommerce] [SpringApplicationShutdownHook] com.zaxxer.hikari.HikariDataSource       : HikariPool-1 - Shutdown completed.
2026-03-16T20:30:59.684+05:30  INFO 9516 --- [eCommerce] [main] c.i.eCommerce.ECommerceApplication       : Starting ECommerceApplication using Java 21.0.8 with PID 9516 (C:\Users\mbrah\Downloads\eCommerce (1)\eCommerce\target\classes started by mbrah in C:\Users\mbrah\Downloads\eCommerce (1)\eCommerce)
2026-03-16T20:30:59.687+05:30 DEBUG 9516 --- [eCommerce] [main] c.i.eCommerce.ECommerceApplication       : Running with Spring Boot v4.0.3, Spring v7.0.5
2026-03-16T20:30:59.688+05:30  INFO 9516 --- [eCommerce] [main] c.i.eCommerce.ECommerceApplication       : No active profile set, falling back to 1 default profile: "default"
2026-03-16T20:31:00.541+05:30  INFO 9516 --- [eCommerce] [main] .s.d.r.c.RepositoryConfigurationDelegate : Bootstrapping Spring Data JPA repositories in DEFAULT mode.
2026-03-16T20:31:00.604+05:30  INFO 9516 --- [eCommerce] [main] .s.d.r.c.RepositoryConfigurationDelegate : Finished Spring Data repository scanning in 54 ms. Found 4 JPA repository interfaces.
2026-03-16T20:31:01.163+05:30  INFO 9516 --- [eCommerce] [main] o.s.boot.tomcat.TomcatWebServer          : Tomcat initialized with port 8080 (http)
2026-03-16T20:31:01.177+05:30  INFO 9516 --- [eCommerce] [main] o.apache.catalina.core.StandardService   : Starting service [Tomcat]
2026-03-16T20:31:01.177+05:30  INFO 9516 --- [eCommerce] [main] o.apache.catalina.core.StandardEngine    : Starting Servlet engine: [Apache Tomcat/11.0.18]
2026-03-16T20:31:01.234+05:30  INFO 9516 --- [eCommerce] [main] b.w.c.s.WebApplicationContextInitializer : Root WebApplicationContext: initialization completed in 1493 ms
2026-03-16T20:31:01.385+05:30  INFO 9516 --- [eCommerce] [main] org.hibernate.orm.jpa                    : HHH008540: Processing PersistenceUnitInfo [name: default]
2026-03-16T20:31:01.433+05:30  INFO 9516 --- [eCommerce] [main] org.hibernate.orm.core                   : HHH000001: Hibernate ORM core version 7.2.4.Final
2026-03-16T20:31:01.902+05:30  INFO 9516 --- [eCommerce] [main] o.s.o.j.p.SpringPersistenceUnitInfo      : No LoadTimeWeaver setup: ignoring JPA class transformer
2026-03-16T20:31:01.922+05:30  INFO 9516 --- [eCommerce] [main] com.zaxxer.hikari.HikariDataSource       : HikariPool-1 - Starting...
2026-03-16T20:31:02.195+05:30  INFO 9516 --- [eCommerce] [main] com.zaxxer.hikari.pool.HikariPool        : HikariPool-1 - Added connection com.mysql.cj.jdbc.ConnectionImpl@784212
2026-03-16T20:31:02.196+05:30  INFO 9516 --- [eCommerce] [main] com.zaxxer.hikari.HikariDataSource       : HikariPool-1 - Start completed.
2026-03-16T20:31:02.246+05:30  WARN 9516 --- [eCommerce] [main] org.hibernate.orm.deprecation            : HHH90000025: MySQLDialect does not need to be specified explicitly using 'hibernate.dialect' (remove the property setting and it will be selected by default)
2026-03-16T20:31:02.262+05:30  INFO 9516 --- [eCommerce] [main] org.hibernate.orm.connections.pooling    : HHH10001005: Database info:
	Database JDBC URL [jdbc:mysql://localhost:3306/ecommerce_db?createDatabaseIfNotExist=true]
	Database driver: MySQL Connector/J
	Database dialect: MySQLDialect
	Database version: 8.0.45
	Default catalog/schema: ecommerce_db/undefined
	Autocommit mode: undefined/unknown
	Isolation level: REPEATABLE_READ [default REPEATABLE_READ]
	JDBC fetch size: none
	Pool: DataSourceConnectionProvider
	Minimum pool size: undefined/unknown
	Maximum pool size: undefined/unknown
2026-03-16T20:31:03.073+05:30  INFO 9516 --- [eCommerce] [main] org.hibernate.orm.core                   : HHH000489: No JTA platform available (set 'hibernate.transaction.jta.platform' to enable JTA platform integration)
2026-03-16T20:31:03.158+05:30  INFO 9516 --- [eCommerce] [main] j.LocalContainerEntityManagerFactoryBean : Initialized JPA EntityManagerFactory for persistence unit 'default'
2026-03-16T20:31:03.221+05:30  INFO 9516 --- [eCommerce] [main] o.s.d.j.r.query.QueryEnhancerFactories   : Hibernate is in classpath; If applicable, HQL parser will be used.
2026-03-16T20:31:03.409+05:30 DEBUG 9516 --- [eCommerce] [main] com.incture.eCommerce.filter.JwtFilter   : Filter 'jwtFilter' configured for use
2026-03-16T20:31:03.697+05:30  WARN 9516 --- [eCommerce] [main] JpaBaseConfiguration$JpaWebConfiguration : spring.jpa.open-in-view is enabled by default. Therefore, database queries may be performed during view rendering. Explicitly configure spring.jpa.open-in-view to disable this warning
2026-03-16T20:31:03.756+05:30  INFO 9516 --- [eCommerce] [main] r$InitializeUserDetailsManagerConfigurer : Global AuthenticationManager configured with UserDetailsService bean with name customUserDetailsService
2026-03-16T20:31:04.294+05:30  INFO 9516 --- [eCommerce] [main] o.s.boot.tomcat.TomcatWebServer          : Tomcat started on port 8080 (http) with context path '/'
2026-03-16T20:31:04.301+05:30  INFO 9516 --- [eCommerce] [main] c.i.eCommerce.ECommerceApplication       : Started ECommerceApplication in 5.055 seconds (process running for 5.451)
2026-03-16T20:31:10.114+05:30  INFO 9516 --- [eCommerce] [http-nio-8080-exec-1] o.a.c.c.C.[Tomcat].[localhost].[/]       : Initializing Spring DispatcherServlet 'dispatcherServlet'
2026-03-16T20:31:10.114+05:30  INFO 9516 --- [eCommerce] [http-nio-8080-exec-1] o.s.web.servlet.DispatcherServlet        : Initializing Servlet 'dispatcherServlet'
2026-03-16T20:31:10.116+05:30  INFO 9516 --- [eCommerce] [http-nio-8080-exec-1] o.s.web.servlet.DispatcherServlet        : Completed initialization in 1 ms
2026-03-16T20:34:18.829+05:30  INFO 9516 --- [eCommerce] [SpringApplicationShutdownHook] o.s.boot.tomcat.GracefulShutdown         : Commencing graceful shutdown. Waiting for active requests to complete
2026-03-16T20:34:18.835+05:30  INFO 9516 --- [eCommerce] [tomcat-shutdown] o.s.boot.tomcat.GracefulShutdown         : Graceful shutdown complete
2026-03-16T20:34:18.840+05:30  INFO 9516 --- [eCommerce] [SpringApplicationShutdownHook] j.LocalContainerEntityManagerFactoryBean : Closing JPA EntityManagerFactory for persistence unit 'default'
2026-03-16T20:34:18.844+05:30  INFO 9516 --- [eCommerce] [SpringApplicationShutdownHook] com.zaxxer.hikari.HikariDataSource       : HikariPool-1 - Shutdown initiated...
2026-03-16T20:34:18.852+05:30  INFO 9516 --- [eCommerce] [SpringApplicationShutdownHook] com.zaxxer.hikari.HikariDataSource       : HikariPool-1 - Shutdown completed.
2026-03-16T20:34:21.828+05:30  INFO 10100 --- [eCommerce] [main] c.i.eCommerce.ECommerceApplication       : Starting ECommerceApplication using Java 21.0.8 with PID 10100 (C:\Users\mbrah\Downloads\eCommerce (1)\eCommerce\target\classes started by mbrah in C:\Users\mbrah\Downloads\eCommerce (1)\eCommerce)
2026-03-16T20:34:21.834+05:30 DEBUG 10100 --- [eCommerce] [main] c.i.eCommerce.ECommerceApplication       : Running with Spring Boot v4.0.3, Spring v7.0.5
2026-03-16T20:34:21.835+05:30  INFO 10100 --- [eCommerce] [main] c.i.eCommerce.ECommerceApplication       : No active profile set, falling back to 1 default profile: "default"
2026-03-16T20:34:22.715+05:30  INFO 10100 --- [eCommerce] [main] .s.d.r.c.RepositoryConfigurationDelegate : Bootstrapping Spring Data JPA repositories in DEFAULT mode.
2026-03-16T20:34:22.770+05:30  INFO 10100 --- [eCommerce] [main] .s.d.r.c.RepositoryConfigurationDelegate : Finished Spring Data repository scanning in 45 ms. Found 4 JPA repository interfaces.
2026-03-16T20:34:23.317+05:30  INFO 10100 --- [eCommerce] [main] o.s.boot.tomcat.TomcatWebServer          : Tomcat initialized with port 8080 (http)
2026-03-16T20:34:23.330+05:30  INFO 10100 --- [eCommerce] [main] o.apache.catalina.core.StandardService   : Starting service [Tomcat]
2026-03-16T20:34:23.331+05:30  INFO 10100 --- [eCommerce] [main] o.apache.catalina.core.StandardEngine    : Starting Servlet engine: [Apache Tomcat/11.0.18]
2026-03-16T20:34:23.385+05:30  INFO 10100 --- [eCommerce] [main] b.w.c.s.WebApplicationContextInitializer : Root WebApplicationContext: initialization completed in 1493 ms
2026-03-16T20:34:23.531+05:30  INFO 10100 --- [eCommerce] [main] org.hibernate.orm.jpa                    : HHH008540: Processing PersistenceUnitInfo [name: default]
2026-03-16T20:34:23.586+05:30  INFO 10100 --- [eCommerce] [main] org.hibernate.orm.core                   : HHH000001: Hibernate ORM core version 7.2.4.Final
2026-03-16T20:34:24.092+05:30  INFO 10100 --- [eCommerce] [main] o.s.o.j.p.SpringPersistenceUnitInfo      : No LoadTimeWeaver setup: ignoring JPA class transformer
2026-03-16T20:34:24.117+05:30  INFO 10100 --- [eCommerce] [main] com.zaxxer.hikari.HikariDataSource       : HikariPool-1 - Starting...
2026-03-16T20:34:24.392+05:30  INFO 10100 --- [eCommerce] [main] com.zaxxer.hikari.pool.HikariPool        : HikariPool-1 - Added connection com.mysql.cj.jdbc.ConnectionImpl@3adde4ea
2026-03-16T20:34:24.394+05:30  INFO 10100 --- [eCommerce] [main] com.zaxxer.hikari.HikariDataSource       : HikariPool-1 - Start completed.
2026-03-16T20:34:24.438+05:30  WARN 10100 --- [eCommerce] [main] org.hibernate.orm.deprecation            : HHH90000025: MySQLDialect does not need to be specified explicitly using 'hibernate.dialect' (remove the property setting and it will be selected by default)
2026-03-16T20:34:24.452+05:30  INFO 10100 --- [eCommerce] [main] org.hibernate.orm.connections.pooling    : HHH10001005: Database info:
	Database JDBC URL [jdbc:mysql://localhost:3306/ecommerce_db?createDatabaseIfNotExist=true]
	Database driver: MySQL Connector/J
	Database dialect: MySQLDialect
	Database version: 8.0.45
	Default catalog/schema: ecommerce_db/undefined
	Autocommit mode: undefined/unknown
	Isolation level: REPEATABLE_READ [default REPEATABLE_READ]
	JDBC fetch size: none
	Pool: DataSourceConnectionProvider
	Minimum pool size: undefined/unknown
	Maximum pool size: undefined/unknown
2026-03-16T20:34:25.236+05:30  INFO 10100 --- [eCommerce] [main] org.hibernate.orm.core                   : HHH000489: No JTA platform available (set 'hibernate.transaction.jta.platform' to enable JTA platform integration)
2026-03-16T20:34:25.310+05:30  INFO 10100 --- [eCommerce] [main] j.LocalContainerEntityManagerFactoryBean : Initialized JPA EntityManagerFactory for persistence unit 'default'
2026-03-16T20:34:25.361+05:30  INFO 10100 --- [eCommerce] [main] o.s.d.j.r.query.QueryEnhancerFactories   : Hibernate is in classpath; If applicable, HQL parser will be used.
2026-03-16T20:34:25.554+05:30 DEBUG 10100 --- [eCommerce] [main] com.incture.eCommerce.filter.JwtFilter   : Filter 'jwtFilter' configured for use
2026-03-16T20:34:25.898+05:30  WARN 10100 --- [eCommerce] [main] JpaBaseConfiguration$JpaWebConfiguration : spring.jpa.open-in-view is enabled by default. Therefore, database queries may be performed during view rendering. Explicitly configure spring.jpa.open-in-view to disable this warning
2026-03-16T20:34:25.959+05:30  INFO 10100 --- [eCommerce] [main] r$InitializeUserDetailsManagerConfigurer : Global AuthenticationManager configured with UserDetailsService bean with name customUserDetailsService
2026-03-16T20:34:26.500+05:30  INFO 10100 --- [eCommerce] [main] o.s.boot.tomcat.TomcatWebServer          : Tomcat started on port 8080 (http) with context path '/'
2026-03-16T20:34:26.516+05:30  INFO 10100 --- [eCommerce] [main] c.i.eCommerce.ECommerceApplication       : Started ECommerceApplication in 5.152 seconds (process running for 5.532)
2026-03-16T20:34:38.364+05:30  INFO 10100 --- [eCommerce] [http-nio-8080-exec-1] o.a.c.c.C.[Tomcat].[localhost].[/]       : Initializing Spring DispatcherServlet 'dispatcherServlet'
2026-03-16T20:34:38.364+05:30  INFO 10100 --- [eCommerce] [http-nio-8080-exec-1] o.s.web.servlet.DispatcherServlet        : Initializing Servlet 'dispatcherServlet'
2026-03-16T20:34:38.365+05:30  INFO 10100 --- [eCommerce] [http-nio-8080-exec-1] o.s.web.servlet.DispatcherServlet        : Completed initialization in 1 ms
2026-03-16T20:35:59.023+05:30  INFO 10100 --- [eCommerce] [SpringApplicationShutdownHook] o.s.boot.tomcat.GracefulShutdown         : Commencing graceful shutdown. Waiting for active requests to complete
2026-03-16T20:35:59.027+05:30  INFO 10100 --- [eCommerce] [tomcat-shutdown] o.s.boot.tomcat.GracefulShutdown         : Graceful shutdown complete
2026-03-16T20:35:59.031+05:30  INFO 10100 --- [eCommerce] [SpringApplicationShutdownHook] j.LocalContainerEntityManagerFactoryBean : Closing JPA EntityManagerFactory for persistence unit 'default'
2026-03-16T20:35:59.034+05:30  INFO 10100 --- [eCommerce] [SpringApplicationShutdownHook] com.zaxxer.hikari.HikariDataSource       : HikariPool-1 - Shutdown initiated...
2026-03-16T20:35:59.040+05:30  INFO 10100 --- [eCommerce] [SpringApplicationShutdownHook] com.zaxxer.hikari.HikariDataSource       : HikariPool-1 - Shutdown completed.
